<?xml version="1.0" encoding="UTF-8"?>
<coverage generated="1512822254390" clover="3.2.0">
  <project timestamp="1512822254391" name="All files">
    <metrics statements="557" coveredstatements="376" conditionals="276" coveredconditionals="106" methods="129" coveredmethods="67" elements="962" coveredelements="549" complexity="0" loc="557" ncloc="557" packages="9" files="31" classes="31">
      <package name="components.common">
        <metrics statements="43" coveredstatements="43" conditionals="28" coveredconditionals="14" methods="9" coveredmethods="8"/>
        <file name="FooterComponent.vue" path="C:\Work\Training\Vue.js\Vuejs2andBootstrap4WebDevelopment\Jpp\profitoro-nuxt\components\common\FooterComponent.vue">
          <metrics statements="13" coveredstatements="13" conditionals="6" coveredconditionals="3" methods="2" coveredmethods="2"/>
          <line num="3" count="1" type="stmt"/>
          <line num="6" count="1" type="stmt"/>
          <line num="8" count="1" type="cond" truecount="1" falsecount="1"/>
          <line num="10" count="1" type="stmt"/>
          <line num="11" count="5" type="stmt"/>
          <line num="13" count="5" type="stmt"/>
          <line num="15" count="5" type="cond" truecount="1" falsecount="1"/>
          <line num="17" count="5" type="stmt"/>
          <line num="20" count="1" type="stmt"/>
          <line num="21" count="5" type="stmt"/>
          <line num="23" count="5" type="stmt"/>
          <line num="25" count="5" type="cond" truecount="1" falsecount="1"/>
          <line num="27" count="5" type="stmt"/>
        </file>
        <file name="HeaderComponent.vue" path="C:\Work\Training\Vue.js\Vuejs2andBootstrap4WebDevelopment\Jpp\profitoro-nuxt\components\common\HeaderComponent.vue">
          <metrics statements="20" coveredstatements="20" conditionals="18" coveredconditionals="9" methods="5" coveredmethods="4"/>
          <line num="3" count="2" type="stmt"/>
          <line num="7" count="2" type="cond" truecount="1" falsecount="3"/>
          <line num="9" count="2" type="stmt"/>
          <line num="11" count="2" type="stmt"/>
          <line num="13" count="2" type="stmt"/>
          <line num="15" count="2" type="cond" truecount="3" falsecount="1"/>
          <line num="17" count="2" type="stmt"/>
          <line num="22" count="1" type="stmt"/>
          <line num="23" count="1" type="stmt"/>
          <line num="31" count="2" type="cond" truecount="1" falsecount="1"/>
          <line num="33" count="2" type="stmt"/>
          <line num="34" count="6" type="stmt"/>
          <line num="36" count="6" type="stmt"/>
          <line num="38" count="6" type="cond" truecount="1" falsecount="1"/>
          <line num="40" count="6" type="stmt"/>
          <line num="114" count="2" type="stmt"/>
          <line num="115" count="6" type="stmt"/>
          <line num="117" count="6" type="stmt"/>
          <line num="119" count="6" type="cond" truecount="1" falsecount="1"/>
          <line num="121" count="6" type="stmt"/>
        </file>
        <file name="Logo.vue" path="C:\Work\Training\Vue.js\Vuejs2andBootstrap4WebDevelopment\Jpp\profitoro-nuxt\components\common\Logo.vue">
          <metrics statements="10" coveredstatements="10" conditionals="4" coveredconditionals="2" methods="2" coveredmethods="2"/>
          <line num="3" count="2" type="stmt"/>
          <line num="6" count="2" type="stmt"/>
          <line num="8" count="6" type="stmt"/>
          <line num="14" count="2" type="cond" truecount="1" falsecount="1"/>
          <line num="16" count="2" type="stmt"/>
          <line num="17" count="6" type="stmt"/>
          <line num="19" count="6" type="stmt"/>
          <line num="21" count="6" type="cond" truecount="1" falsecount="1"/>
          <line num="23" count="6" type="stmt"/>
          <line num="36" count="2" type="stmt"/>
        </file>
        <file name="index.js" path="C:\Work\Training\Vue.js\Vuejs2andBootstrap4WebDevelopment\Jpp\profitoro-nuxt\components\common\index.js">
          <metrics statements="0" coveredstatements="0" conditionals="0" coveredconditionals="0" methods="0" coveredmethods="0"/>
        </file>
      </package>
      <package name="components.landing">
        <metrics statements="50" coveredstatements="39" conditionals="30" coveredconditionals="11" methods="13" coveredmethods="8"/>
        <file name="Authentication.vue" path="C:\Work\Training\Vue.js\Vuejs2andBootstrap4WebDevelopment\Jpp\profitoro-nuxt\components\landing\Authentication.vue">
          <metrics statements="28" coveredstatements="17" conditionals="20" coveredconditionals="6" methods="10" coveredmethods="5"/>
          <line num="3" count="1" type="stmt"/>
          <line num="7" count="1" type="cond" truecount="1" falsecount="3"/>
          <line num="9" count="1" type="stmt"/>
          <line num="11" count="1" type="stmt"/>
          <line num="15" count="1" type="stmt"/>
          <line num="19" count="1" type="stmt"/>
          <line num="21" count="2" type="stmt"/>
          <line num="30" count="2" type="cond" truecount="1" falsecount="1"/>
          <line num="33" count="2" type="cond" truecount="1" falsecount="1"/>
          <line num="36" count="2" type="cond" truecount="1" falsecount="1"/>
          <line num="41" count="0" type="stmt"/>
          <line num="44" count="0" type="stmt"/>
          <line num="45" count="0" type="stmt"/>
          <line num="46" count="0" type="cond" truecount="0" falsecount="2"/>
          <line num="47" count="0" type="stmt"/>
          <line num="52" count="1" type="cond" truecount="1" falsecount="1"/>
          <line num="54" count="1" type="stmt"/>
          <line num="55" count="2" type="stmt"/>
          <line num="57" count="2" type="stmt"/>
          <line num="59" count="2" type="cond" truecount="1" falsecount="1"/>
          <line num="61" count="2" type="stmt"/>
          <line num="84" count="0" type="cond" truecount="0" falsecount="2"/>
          <line num="85" count="0" type="stmt"/>
          <line num="88" count="0" type="stmt"/>
          <line num="108" count="0" type="cond" truecount="0" falsecount="2"/>
          <line num="109" count="0" type="stmt"/>
          <line num="112" count="0" type="stmt"/>
          <line num="147" count="1" type="stmt"/>
        </file>
        <file name="LogoText.vue" path="C:\Work\Training\Vue.js\Vuejs2andBootstrap4WebDevelopment\Jpp\profitoro-nuxt\components\landing\LogoText.vue">
          <metrics statements="13" coveredstatements="13" conditionals="6" coveredconditionals="3" methods="2" coveredmethods="2"/>
          <line num="3" count="1" type="stmt"/>
          <line num="6" count="1" type="stmt"/>
          <line num="8" count="1" type="cond" truecount="1" falsecount="1"/>
          <line num="10" count="1" type="stmt"/>
          <line num="11" count="2" type="stmt"/>
          <line num="13" count="2" type="stmt"/>
          <line num="15" count="2" type="cond" truecount="1" falsecount="1"/>
          <line num="17" count="2" type="stmt"/>
          <line num="20" count="1" type="stmt"/>
          <line num="21" count="2" type="stmt"/>
          <line num="23" count="2" type="stmt"/>
          <line num="25" count="2" type="cond" truecount="1" falsecount="1"/>
          <line num="27" count="2" type="stmt"/>
        </file>
        <file name="Tagline.vue" path="C:\Work\Training\Vue.js\Vuejs2andBootstrap4WebDevelopment\Jpp\profitoro-nuxt\components\landing\Tagline.vue">
          <metrics statements="9" coveredstatements="9" conditionals="4" coveredconditionals="2" methods="1" coveredmethods="1"/>
          <line num="3" count="1" type="stmt"/>
          <line num="6" count="1" type="stmt"/>
          <line num="8" count="1" type="cond" truecount="1" falsecount="1"/>
          <line num="10" count="1" type="stmt"/>
          <line num="11" count="2" type="stmt"/>
          <line num="13" count="2" type="stmt"/>
          <line num="15" count="2" type="cond" truecount="1" falsecount="1"/>
          <line num="17" count="2" type="stmt"/>
          <line num="22" count="1" type="stmt"/>
        </file>
        <file name="index.js" path="C:\Work\Training\Vue.js\Vuejs2andBootstrap4WebDevelopment\Jpp\profitoro-nuxt\components\landing\index.js">
          <metrics statements="0" coveredstatements="0" conditionals="0" coveredconditionals="0" methods="0" coveredmethods="0"/>
        </file>
      </package>
      <package name="components.settings">
        <metrics statements="55" coveredstatements="40" conditionals="32" coveredconditionals="12" methods="16" coveredmethods="6"/>
        <file name="AccountSettings.vue" path="C:\Work\Training\Vue.js\Vuejs2andBootstrap4WebDevelopment\Jpp\profitoro-nuxt\components\settings\AccountSettings.vue">
          <metrics statements="29" coveredstatements="15" conditionals="16" coveredconditionals="4" methods="11" coveredmethods="3"/>
          <line num="3" count="1" type="stmt"/>
          <line num="7" count="1" type="cond" truecount="1" falsecount="3"/>
          <line num="9" count="1" type="stmt"/>
          <line num="11" count="1" type="stmt"/>
          <line num="13" count="1" type="stmt"/>
          <line num="23" count="1" type="stmt"/>
          <line num="24" count="1" type="stmt"/>
          <line num="25" count="1" type="cond" truecount="1" falsecount="1"/>
          <line num="30" count="0" type="stmt"/>
          <line num="33" count="0" type="stmt"/>
          <line num="36" count="0" type="stmt"/>
          <line num="39" count="0" type="stmt"/>
          <line num="40" count="0" type="stmt"/>
          <line num="45" count="1" type="cond" truecount="1" falsecount="1"/>
          <line num="47" count="1" type="stmt"/>
          <line num="48" count="1" type="stmt"/>
          <line num="50" count="1" type="stmt"/>
          <line num="52" count="1" type="cond" truecount="1" falsecount="1"/>
          <line num="54" count="1" type="stmt"/>
          <line num="92" count="0" type="cond" truecount="0" falsecount="2"/>
          <line num="93" count="0" type="stmt"/>
          <line num="96" count="0" type="stmt"/>
          <line num="119" count="0" type="cond" truecount="0" falsecount="2"/>
          <line num="120" count="0" type="stmt"/>
          <line num="123" count="0" type="stmt"/>
          <line num="146" count="0" type="cond" truecount="0" falsecount="2"/>
          <line num="147" count="0" type="stmt"/>
          <line num="150" count="0" type="stmt"/>
          <line num="156" count="1" type="stmt"/>
        </file>
        <file name="PomodoroTimerSettings.vue" path="C:\Work\Training\Vue.js\Vuejs2andBootstrap4WebDevelopment\Jpp\profitoro-nuxt\components\settings\PomodoroTimerSettings.vue">
          <metrics statements="16" coveredstatements="16" conditionals="12" coveredconditionals="6" methods="3" coveredmethods="2"/>
          <line num="3" count="1" type="stmt"/>
          <line num="7" count="1" type="cond" truecount="1" falsecount="3"/>
          <line num="9" count="1" type="stmt"/>
          <line num="11" count="1" type="stmt"/>
          <line num="13" count="1" type="stmt"/>
          <line num="15" count="1" type="stmt"/>
          <line num="17" count="1" type="stmt"/>
          <line num="19" count="2" type="cond" truecount="3" falsecount="1"/>
          <line num="21" count="1" type="stmt"/>
          <line num="32" count="1" type="cond" truecount="1" falsecount="1"/>
          <line num="34" count="1" type="stmt"/>
          <line num="35" count="1" type="stmt"/>
          <line num="37" count="1" type="stmt"/>
          <line num="39" count="1" type="cond" truecount="1" falsecount="1"/>
          <line num="41" count="1" type="stmt"/>
          <line num="86" count="1" type="stmt"/>
        </file>
        <file name="SetTimer.vue" path="C:\Work\Training\Vue.js\Vuejs2andBootstrap4WebDevelopment\Jpp\profitoro-nuxt\components\settings\SetTimer.vue">
          <metrics statements="10" coveredstatements="9" conditionals="4" coveredconditionals="2" methods="2" coveredmethods="1"/>
          <line num="3" count="1" type="stmt"/>
          <line num="6" count="1" type="stmt"/>
          <line num="10" count="0" type="stmt"/>
          <line num="15" count="1" type="cond" truecount="1" falsecount="1"/>
          <line num="17" count="1" type="stmt"/>
          <line num="18" count="3" type="stmt"/>
          <line num="20" count="3" type="stmt"/>
          <line num="22" count="3" type="cond" truecount="1" falsecount="1"/>
          <line num="24" count="3" type="stmt"/>
          <line num="40" count="1" type="stmt"/>
        </file>
      </package>
      <package name="components.timer">
        <metrics statements="70" coveredstatements="42" conditionals="28" coveredconditionals="12" methods="17" coveredmethods="11"/>
        <file name="CountDownTimer.vue" path="C:\Work\Training\Vue.js\Vuejs2andBootstrap4WebDevelopment\Jpp\profitoro-nuxt\components\timer\CountDownTimer.vue">
          <metrics statements="44" coveredstatements="19" conditionals="18" coveredconditionals="7" methods="13" coveredmethods="7"/>
          <line num="3" count="1" type="stmt"/>
          <line num="7" count="1" type="stmt"/>
          <line num="9" count="1" type="stmt"/>
          <line num="11" count="1" type="stmt"/>
          <line num="13" count="1" type="cond" truecount="3" falsecount="1"/>
          <line num="15" count="1" type="stmt"/>
          <line num="21" count="1" type="stmt"/>
          <line num="24" count="1" type="stmt"/>
          <line num="39" count="1" type="stmt"/>
          <line num="42" count="1" type="stmt"/>
          <line num="45" count="1" type="stmt"/>
          <line num="48" count="1" type="stmt"/>
          <line num="56" count="0" type="stmt"/>
          <line num="57" count="0" type="stmt"/>
          <line num="58" count="0" type="cond" truecount="0" falsecount="2"/>
          <line num="59" count="0" type="stmt"/>
          <line num="63" count="0" type="stmt"/>
          <line num="65" count="0" type="cond" truecount="0" falsecount="4"/>
          <line num="66" count="0" type="stmt"/>
          <line num="67" count="0" type="stmt"/>
          <line num="69" count="0" type="stmt"/>
          <line num="70" count="0" type="stmt"/>
          <line num="71" count="0" type="stmt"/>
          <line num="72" count="0" type="stmt"/>
          <line num="74" count="0" type="stmt"/>
          <line num="76" count="0" type="stmt"/>
          <line num="77" count="0" type="cond" truecount="0" falsecount="2"/>
          <line num="78" count="0" type="stmt"/>
          <line num="79" count="0" type="stmt"/>
          <line num="84" count="0" type="stmt"/>
          <line num="85" count="0" type="stmt"/>
          <line num="86" count="0" type="stmt"/>
          <line num="89" count="0" type="stmt"/>
          <line num="90" count="0" type="stmt"/>
          <line num="91" count="0" type="stmt"/>
          <line num="92" count="0" type="stmt"/>
          <line num="97" count="0" type="stmt"/>
          <line num="102" count="1" type="cond" truecount="1" falsecount="1"/>
          <line num="104" count="1" type="stmt"/>
          <line num="105" count="1" type="stmt"/>
          <line num="107" count="1" type="stmt"/>
          <line num="109" count="1" type="cond" truecount="1" falsecount="1"/>
          <line num="111" count="1" type="stmt"/>
          <line num="174" count="1" type="stmt"/>
        </file>
        <file name="SvgCircleSector.vue" path="C:\Work\Training\Vue.js\Vuejs2andBootstrap4WebDevelopment\Jpp\profitoro-nuxt\components\timer\SvgCircleSector.vue">
          <metrics statements="26" coveredstatements="23" conditionals="10" coveredconditionals="5" methods="4" coveredmethods="4"/>
          <line num="3" count="1" type="stmt"/>
          <line num="13" count="1" type="stmt"/>
          <line num="14" count="1" type="stmt"/>
          <line num="16" count="1" type="cond" truecount="1" falsecount="1"/>
          <line num="17" count="1" type="stmt"/>
          <line num="18" count="1" type="stmt"/>
          <line num="20" count="0" type="stmt"/>
          <line num="21" count="0" type="stmt"/>
          <line num="24" count="1" type="stmt"/>
          <line num="34" count="1" type="stmt"/>
          <line num="36" count="1" type="stmt"/>
          <line num="37" count="1" type="stmt"/>
          <line num="38" count="1" type="stmt"/>
          <line num="40" count="1" type="cond" truecount="1" falsecount="1"/>
          <line num="41" count="1" type="stmt"/>
          <line num="43" count="0" type="stmt"/>
          <line num="45" count="1" type="stmt"/>
          <line num="47" count="1" type="stmt"/>
          <line num="51" count="1" type="stmt"/>
          <line num="56" count="1" type="cond" truecount="1" falsecount="1"/>
          <line num="58" count="1" type="stmt"/>
          <line num="59" count="1" type="stmt"/>
          <line num="61" count="1" type="stmt"/>
          <line num="63" count="1" type="cond" truecount="1" falsecount="1"/>
          <line num="65" count="1" type="stmt"/>
          <line num="104" count="1" type="stmt"/>
        </file>
      </package>
      <package name="components.workouts">
        <metrics statements="82" coveredstatements="44" conditionals="43" coveredconditionals="14" methods="24" coveredmethods="8"/>
        <file name="NewWorkoutComponent.vue" path="C:\Work\Training\Vue.js\Vuejs2andBootstrap4WebDevelopment\Jpp\profitoro-nuxt\components\workouts\NewWorkoutComponent.vue">
          <metrics statements="34" coveredstatements="12" conditionals="14" coveredconditionals="3" methods="12" coveredmethods="2"/>
          <line num="3" count="1" type="stmt"/>
          <line num="7" count="1" type="cond" truecount="1" falsecount="3"/>
          <line num="9" count="1" type="stmt"/>
          <line num="11" count="0" type="cond" truecount="0" falsecount="2"/>
          <line num="13" count="1" type="stmt"/>
          <line num="15" count="1" type="stmt"/>
          <line num="24" count="0" type="stmt"/>
          <line num="27" count="0" type="stmt"/>
          <line num="28" count="0" type="stmt"/>
          <line num="29" count="0" type="stmt"/>
          <line num="30" count="0" type="stmt"/>
          <line num="33" count="0" type="stmt"/>
          <line num="34" count="0" type="stmt"/>
          <line num="35" count="0" type="stmt"/>
          <line num="38" count="0" type="stmt"/>
          <line num="40" count="0" type="stmt"/>
          <line num="41" count="0" type="stmt"/>
          <line num="42" count="0" type="stmt"/>
          <line num="43" count="0" type="stmt"/>
          <line num="48" count="0" type="stmt"/>
          <line num="54" count="1" type="cond" truecount="1" falsecount="1"/>
          <line num="56" count="1" type="stmt"/>
          <line num="57" count="1" type="stmt"/>
          <line num="59" count="1" type="stmt"/>
          <line num="61" count="1" type="cond" truecount="1" falsecount="1"/>
          <line num="63" count="1" type="stmt"/>
          <line num="82" count="0" type="cond" truecount="0" falsecount="2"/>
          <line num="83" count="0" type="stmt"/>
          <line num="86" count="0" type="stmt"/>
          <line num="106" count="0" type="cond" truecount="0" falsecount="2"/>
          <line num="107" count="0" type="stmt"/>
          <line num="110" count="0" type="stmt"/>
          <line num="129" count="0" type="stmt"/>
          <line num="157" count="1" type="stmt"/>
        </file>
        <file name="WorkoutComponent.vue" path="C:\Work\Training\Vue.js\Vuejs2andBootstrap4WebDevelopment\Jpp\profitoro-nuxt\components\workouts\WorkoutComponent.vue">
          <metrics statements="13" coveredstatements="13" conditionals="9" coveredconditionals="5" methods="2" coveredmethods="2"/>
          <line num="3" count="1" type="stmt"/>
          <line num="6" count="1" type="stmt"/>
          <line num="10" count="1" type="cond" truecount="1" falsecount="1"/>
          <line num="12" count="1" type="stmt"/>
          <line num="13" count="1" type="stmt"/>
          <line num="15" count="1" type="stmt"/>
          <line num="17" count="1" type="cond" truecount="1" falsecount="1"/>
          <line num="19" count="1" type="stmt"/>
          <line num="53" count="1" type="stmt"/>
          <line num="54" count="1" type="stmt"/>
          <line num="56" count="1" type="stmt"/>
          <line num="58" count="1" type="cond" truecount="1" falsecount="1"/>
          <line num="60" count="1" type="stmt"/>
        </file>
        <file name="WorkoutsComponent.vue" path="C:\Work\Training\Vue.js\Vuejs2andBootstrap4WebDevelopment\Jpp\profitoro-nuxt\components\workouts\WorkoutsComponent.vue">
          <metrics statements="35" coveredstatements="19" conditionals="20" coveredconditionals="6" methods="10" coveredmethods="4"/>
          <line num="3" count="1" type="stmt"/>
          <line num="7" count="1" type="cond" truecount="1" falsecount="3"/>
          <line num="9" count="1" type="stmt"/>
          <line num="11" count="1" type="stmt"/>
          <line num="13" count="1" type="stmt"/>
          <line num="15" count="1" type="stmt"/>
          <line num="17" count="1" type="stmt"/>
          <line num="19" count="2" type="cond" truecount="3" falsecount="1"/>
          <line num="21" count="1" type="stmt"/>
          <line num="23" count="1" type="stmt"/>
          <line num="36" count="1" type="stmt"/>
          <line num="38" count="1" type="stmt"/>
          <line num="39" count="0" type="stmt"/>
          <line num="40" count="0" type="stmt"/>
          <line num="41" count="0" type="stmt"/>
          <line num="42" count="0" type="stmt"/>
          <line num="43" count="0" type="cond" truecount="0" falsecount="3"/>
          <line num="52" count="0" type="stmt"/>
          <line num="53" count="0" type="stmt"/>
          <line num="54" count="0" type="stmt"/>
          <line num="55" count="0" type="stmt"/>
          <line num="56" count="0" type="stmt"/>
          <line num="57" count="0" type="stmt"/>
          <line num="62" count="1" type="cond" truecount="1" falsecount="1"/>
          <line num="64" count="1" type="stmt"/>
          <line num="65" count="1" type="stmt"/>
          <line num="67" count="1" type="stmt"/>
          <line num="69" count="1" type="cond" truecount="1" falsecount="1"/>
          <line num="71" count="1" type="stmt"/>
          <line num="90" count="0" type="cond" truecount="0" falsecount="2"/>
          <line num="91" count="0" type="stmt"/>
          <line num="94" count="0" type="stmt"/>
          <line num="100" count="0" type="stmt"/>
          <line num="109" count="0" type="stmt"/>
          <line num="135" count="1" type="stmt"/>
        </file>
        <file name="index.js" path="C:\Work\Training\Vue.js\Vuejs2andBootstrap4WebDevelopment\Jpp\profitoro-nuxt\components\workouts\index.js">
          <metrics statements="0" coveredstatements="0" conditionals="0" coveredconditionals="0" methods="0" coveredmethods="0"/>
        </file>
      </package>
      <package name="pages">
        <metrics statements="141" coveredstatements="123" conditionals="83" coveredconditionals="37" methods="25" coveredmethods="20"/>
        <file name="about.vue" path="C:\Work\Training\Vue.js\Vuejs2andBootstrap4WebDevelopment\Jpp\profitoro-nuxt\pages\about.vue">
          <metrics statements="34" coveredstatements="34" conditionals="16" coveredconditionals="8" methods="7" coveredmethods="7"/>
          <line num="3" count="1" type="stmt"/>
          <line num="7" count="1" type="stmt"/>
          <line num="9" count="1" type="stmt"/>
          <line num="16" count="1" type="cond" truecount="1" falsecount="1"/>
          <line num="18" count="1" type="stmt"/>
          <line num="19" count="1" type="stmt"/>
          <line num="21" count="1" type="stmt"/>
          <line num="23" count="1" type="cond" truecount="1" falsecount="1"/>
          <line num="25" count="1" type="stmt"/>
          <line num="66" count="1" type="stmt"/>
          <line num="67" count="1" type="stmt"/>
          <line num="69" count="1" type="stmt"/>
          <line num="71" count="1" type="cond" truecount="1" falsecount="1"/>
          <line num="73" count="1" type="stmt"/>
          <line num="79" count="1" type="stmt"/>
          <line num="81" count="1" type="stmt"/>
          <line num="83" count="1" type="cond" truecount="1" falsecount="1"/>
          <line num="85" count="1" type="stmt"/>
          <line num="91" count="1" type="stmt"/>
          <line num="93" count="1" type="stmt"/>
          <line num="95" count="1" type="cond" truecount="1" falsecount="1"/>
          <line num="97" count="1" type="stmt"/>
          <line num="103" count="1" type="stmt"/>
          <line num="105" count="1" type="stmt"/>
          <line num="107" count="1" type="cond" truecount="1" falsecount="1"/>
          <line num="109" count="1" type="stmt"/>
          <line num="115" count="1" type="stmt"/>
          <line num="117" count="1" type="stmt"/>
          <line num="119" count="1" type="cond" truecount="1" falsecount="1"/>
          <line num="121" count="1" type="stmt"/>
          <line num="127" count="1" type="stmt"/>
          <line num="129" count="1" type="stmt"/>
          <line num="131" count="1" type="cond" truecount="1" falsecount="1"/>
          <line num="133" count="1" type="stmt"/>
        </file>
        <file name="index.vue" path="C:\Work\Training\Vue.js\Vuejs2andBootstrap4WebDevelopment\Jpp\profitoro-nuxt\pages\index.vue">
          <metrics statements="18" coveredstatements="18" conditionals="18" coveredconditionals="9" methods="5" coveredmethods="4"/>
          <line num="3" count="1" type="stmt"/>
          <line num="7" count="1" type="cond" truecount="1" falsecount="3"/>
          <line num="9" count="1" type="stmt"/>
          <line num="11" count="1" type="stmt"/>
          <line num="13" count="1" type="stmt"/>
          <line num="15" count="1" type="stmt"/>
          <line num="17" count="1" type="stmt"/>
          <line num="19" count="2" type="cond" truecount="3" falsecount="1"/>
          <line num="21" count="1" type="stmt"/>
          <line num="26" count="1" type="cond" truecount="1" falsecount="1"/>
          <line num="30" count="1" type="stmt"/>
          <line num="34" count="1" type="cond" truecount="1" falsecount="1"/>
          <line num="36" count="1" type="stmt"/>
          <line num="37" count="1" type="stmt"/>
          <line num="39" count="1" type="stmt"/>
          <line num="41" count="1" type="cond" truecount="1" falsecount="1"/>
          <line num="43" count="1" type="cond" truecount="2" falsecount="2"/>
          <line num="46" count="1" type="stmt"/>
        </file>
        <file name="login.vue" path="C:\Work\Training\Vue.js\Vuejs2andBootstrap4WebDevelopment\Jpp\profitoro-nuxt\pages\login.vue">
          <metrics statements="10" coveredstatements="10" conditionals="4" coveredconditionals="2" methods="1" coveredmethods="1"/>
          <line num="3" count="1" type="stmt"/>
          <line num="7" count="1" type="stmt"/>
          <line num="9" count="1" type="stmt"/>
          <line num="17" count="1" type="cond" truecount="1" falsecount="1"/>
          <line num="19" count="1" type="stmt"/>
          <line num="20" count="2" type="stmt"/>
          <line num="22" count="2" type="stmt"/>
          <line num="24" count="2" type="cond" truecount="1" falsecount="1"/>
          <line num="26" count="2" type="stmt"/>
          <line num="35" count="1" type="stmt"/>
        </file>
        <file name="pomodoro.vue" path="C:\Work\Training\Vue.js\Vuejs2andBootstrap4WebDevelopment\Jpp\profitoro-nuxt\pages\pomodoro.vue">
          <metrics statements="41" coveredstatements="23" conditionals="25" coveredconditionals="8" methods="7" coveredmethods="4"/>
          <line num="3" count="1" type="stmt"/>
          <line num="7" count="1" type="cond" truecount="1" falsecount="3"/>
          <line num="9" count="1" type="stmt"/>
          <line num="11" count="1" type="stmt"/>
          <line num="13" count="1" type="stmt"/>
          <line num="15" count="1" type="stmt"/>
          <line num="17" count="1" type="stmt"/>
          <line num="19" count="1" type="cond" truecount="3" falsecount="1"/>
          <line num="21" count="1" type="stmt"/>
          <line num="26" count="1" type="stmt"/>
          <line num="28" count="1" type="stmt"/>
          <line num="42" count="1" type="stmt"/>
          <line num="44" count="1" type="cond" truecount="1" falsecount="3"/>
          <line num="46" count="1" type="stmt"/>
          <line num="47" count="1" type="stmt"/>
          <line num="49" count="0" type="stmt"/>
          <line num="50" count="0" type="stmt"/>
          <line num="52" count="0" type="stmt"/>
          <line num="53" count="0" type="stmt"/>
          <line num="55" count="0" type="stmt"/>
          <line num="56" count="0" type="stmt"/>
          <line num="59" count="1" type="stmt"/>
          <line num="69" count="0" type="stmt"/>
          <line num="72" count="0" type="stmt"/>
          <line num="73" count="0" type="cond" truecount="0" falsecount="2"/>
          <line num="76" count="0" type="stmt"/>
          <line num="77" count="0" type="stmt"/>
          <line num="78" count="0" type="cond" truecount="0" falsecount="2"/>
          <line num="79" count="0" type="stmt"/>
          <line num="80" count="0" type="cond" truecount="0" falsecount="3"/>
          <line num="81" count="0" type="stmt"/>
          <line num="84" count="0" type="stmt"/>
          <line num="85" count="0" type="stmt"/>
          <line num="87" count="0" type="stmt"/>
          <line num="92" count="1" type="cond" truecount="1" falsecount="1"/>
          <line num="94" count="1" type="stmt"/>
          <line num="95" count="1" type="stmt"/>
          <line num="97" count="1" type="stmt"/>
          <line num="99" count="1" type="cond" truecount="1" falsecount="1"/>
          <line num="101" count="1" type="stmt"/>
          <line num="139" count="1" type="stmt"/>
        </file>
        <file name="settings.vue" path="C:\Work\Training\Vue.js\Vuejs2andBootstrap4WebDevelopment\Jpp\profitoro-nuxt\pages\settings.vue">
          <metrics statements="15" coveredstatements="15" conditionals="8" coveredconditionals="5" methods="2" coveredmethods="2"/>
          <line num="3" count="1" type="stmt"/>
          <line num="7" count="1" type="stmt"/>
          <line num="9" count="1" type="stmt"/>
          <line num="11" count="1" type="stmt"/>
          <line num="13" count="1" type="stmt"/>
          <line num="15" count="1" type="stmt"/>
          <line num="17" count="2" type="cond" truecount="3" falsecount="1"/>
          <line num="19" count="1" type="stmt"/>
          <line num="29" count="1" type="cond" truecount="1" falsecount="1"/>
          <line num="31" count="1" type="stmt"/>
          <line num="32" count="1" type="stmt"/>
          <line num="34" count="1" type="stmt"/>
          <line num="36" count="1" type="cond" truecount="1" falsecount="1"/>
          <line num="38" count="1" type="stmt"/>
          <line num="49" count="1" type="stmt"/>
        </file>
        <file name="statistics.vue" path="C:\Work\Training\Vue.js\Vuejs2andBootstrap4WebDevelopment\Jpp\profitoro-nuxt\pages\statistics.vue">
          <metrics statements="12" coveredstatements="12" conditionals="8" coveredconditionals="3" methods="2" coveredmethods="1"/>
          <line num="3" count="1" type="stmt"/>
          <line num="7" count="1" type="cond" truecount="1" falsecount="3"/>
          <line num="9" count="1" type="stmt"/>
          <line num="11" count="1" type="stmt"/>
          <line num="13" count="1" type="stmt"/>
          <line num="24" count="1" type="cond" truecount="1" falsecount="1"/>
          <line num="26" count="1" type="stmt"/>
          <line num="27" count="1" type="stmt"/>
          <line num="29" count="1" type="stmt"/>
          <line num="31" count="1" type="cond" truecount="1" falsecount="1"/>
          <line num="33" count="1" type="stmt"/>
          <line num="38" count="1" type="stmt"/>
        </file>
        <file name="workouts.vue" path="C:\Work\Training\Vue.js\Vuejs2andBootstrap4WebDevelopment\Jpp\profitoro-nuxt\pages\workouts.vue">
          <metrics statements="11" coveredstatements="11" conditionals="4" coveredconditionals="2" methods="1" coveredmethods="1"/>
          <line num="3" count="1" type="stmt"/>
          <line num="7" count="1" type="stmt"/>
          <line num="9" count="1" type="stmt"/>
          <line num="11" count="1" type="stmt"/>
          <line num="22" count="1" type="cond" truecount="1" falsecount="1"/>
          <line num="24" count="1" type="stmt"/>
          <line num="25" count="1" type="stmt"/>
          <line num="27" count="1" type="stmt"/>
          <line num="29" count="1" type="cond" truecount="1" falsecount="1"/>
          <line num="31" count="1" type="stmt"/>
          <line num="42" count="1" type="stmt"/>
        </file>
      </package>
      <package name="store">
        <metrics statements="103" coveredstatements="32" conditionals="28" coveredconditionals="2" methods="21" coveredmethods="2"/>
        <file name="actions.js" path="C:\Work\Training\Vue.js\Vuejs2andBootstrap4WebDevelopment\Jpp\profitoro-nuxt\store\actions.js">
          <metrics statements="79" coveredstatements="13" conditionals="26" coveredconditionals="1" methods="14" coveredmethods="0"/>
          <line num="12" count="0" type="stmt"/>
          <line num="13" count="0" type="stmt"/>
          <line num="14" count="0" type="stmt"/>
          <line num="27" count="1" type="stmt"/>
          <line num="36" count="1" type="cond" truecount="1" falsecount="1"/>
          <line num="37" count="0" type="stmt"/>
          <line num="39" count="1" type="stmt"/>
          <line num="40" count="1" type="stmt"/>
          <line num="41" count="1" type="stmt"/>
          <line num="42" count="1" type="stmt"/>
          <line num="44" count="1" type="stmt"/>
          <line num="47" count="1" type="stmt"/>
          <line num="48" count="1" type="stmt"/>
          <line num="49" count="1" type="stmt"/>
          <line num="51" count="1" type="stmt"/>
          <line num="59" count="0" type="cond" truecount="0" falsecount="2"/>
          <line num="60" count="0" type="stmt"/>
          <line num="62" count="0" type="stmt"/>
          <line num="63" count="0" type="cond" truecount="0" falsecount="2"/>
          <line num="64" count="0" type="stmt"/>
          <line num="66" count="0" type="stmt"/>
          <line num="75" count="0" type="cond" truecount="0" falsecount="2"/>
          <line num="76" count="0" type="stmt"/>
          <line num="78" count="0" type="stmt"/>
          <line num="79" count="0" type="cond" truecount="0" falsecount="2"/>
          <line num="80" count="0" type="stmt"/>
          <line num="82" count="0" type="stmt"/>
          <line num="91" count="0" type="cond" truecount="0" falsecount="2"/>
          <line num="92" count="0" type="stmt"/>
          <line num="94" count="0" type="stmt"/>
          <line num="95" count="0" type="cond" truecount="0" falsecount="2"/>
          <line num="96" count="0" type="stmt"/>
          <line num="98" count="0" type="stmt"/>
          <line num="107" count="0" type="cond" truecount="0" falsecount="2"/>
          <line num="108" count="0" type="stmt"/>
          <line num="110" count="0" type="stmt"/>
          <line num="111" count="0" type="cond" truecount="0" falsecount="2"/>
          <line num="112" count="0" type="stmt"/>
          <line num="114" count="0" type="stmt"/>
          <line num="123" count="0" type="stmt"/>
          <line num="125" count="0" type="stmt"/>
          <line num="135" count="0" type="stmt"/>
          <line num="138" count="0" type="stmt"/>
          <line num="146" count="0" type="stmt"/>
          <line num="156" count="0" type="stmt"/>
          <line num="159" count="0" type="stmt"/>
          <line num="168" count="0" type="stmt"/>
          <line num="175" count="0" type="stmt"/>
          <line num="176" count="0" type="stmt"/>
          <line num="184" count="1" type="stmt"/>
          <line num="191" count="1" type="stmt"/>
          <line num="192" count="0" type="stmt"/>
          <line num="193" count="0" type="cond" truecount="0" falsecount="4"/>
          <line num="194" count="0" type="stmt"/>
          <line num="195" count="0" type="stmt"/>
          <line num="197" count="0" type="cond" truecount="0" falsecount="2"/>
          <line num="198" count="0" type="stmt"/>
          <line num="207" count="0" type="stmt"/>
          <line num="208" count="0" type="stmt"/>
          <line num="209" count="0" type="stmt"/>
          <line num="210" count="0" type="stmt"/>
          <line num="211" count="0" type="stmt"/>
          <line num="212" count="0" type="stmt"/>
          <line num="214" count="0" type="stmt"/>
          <line num="215" count="0" type="stmt"/>
          <line num="217" count="0" type="stmt"/>
          <line num="218" count="0" type="stmt"/>
          <line num="227" count="0" type="stmt"/>
          <line num="228" count="0" type="cond" truecount="0" falsecount="2"/>
          <line num="229" count="0" type="stmt"/>
          <line num="231" count="0" type="stmt"/>
          <line num="238" count="0" type="stmt"/>
          <line num="239" count="0" type="stmt"/>
          <line num="240" count="0" type="stmt"/>
          <line num="241" count="0" type="stmt"/>
          <line num="242" count="0" type="stmt"/>
          <line num="243" count="0" type="stmt"/>
          <line num="244" count="0" type="stmt"/>
          <line num="246" count="0" type="stmt"/>
        </file>
        <file name="getters.js" path="C:\Work\Training\Vue.js\Vuejs2andBootstrap4WebDevelopment\Jpp\profitoro-nuxt\store\getters.js">
          <metrics statements="6" coveredstatements="1" conditionals="2" coveredconditionals="1" methods="6" coveredmethods="1"/>
          <line num="2" count="0" type="stmt"/>
          <line num="3" count="0" type="stmt"/>
          <line num="4" count="0" type="stmt"/>
          <line num="5" count="0" type="stmt"/>
          <line num="6" count="1" type="cond" truecount="1" falsecount="1"/>
          <line num="7" count="0" type="stmt"/>
        </file>
        <file name="index.js" path="C:\Work\Training\Vue.js\Vuejs2andBootstrap4WebDevelopment\Jpp\profitoro-nuxt\store\index.js">
          <metrics statements="2" coveredstatements="2" conditionals="0" coveredconditionals="0" methods="1" coveredmethods="1"/>
          <line num="8" count="2" type="stmt"/>
          <line num="10" count="8" type="stmt"/>
        </file>
        <file name="mutations.js" path="C:\Work\Training\Vue.js\Vuejs2andBootstrap4WebDevelopment\Jpp\profitoro-nuxt\store\mutations.js">
          <metrics statements="9" coveredstatements="9" conditionals="0" coveredconditionals="0" methods="0" coveredmethods="0"/>
          <line num="3" count="1" type="stmt"/>
          <line num="6" count="1" type="stmt"/>
          <line num="9" count="1" type="stmt"/>
          <line num="12" count="1" type="stmt"/>
          <line num="15" count="1" type="stmt"/>
          <line num="18" count="1" type="stmt"/>
          <line num="21" count="1" type="stmt"/>
          <line num="24" count="1" type="stmt"/>
          <line num="27" count="1" type="stmt"/>
        </file>
        <file name="state.js" path="C:\Work\Training\Vue.js\Vuejs2andBootstrap4WebDevelopment\Jpp\profitoro-nuxt\store\state.js">
          <metrics statements="7" coveredstatements="7" conditionals="0" coveredconditionals="0" methods="0" coveredmethods="0"/>
          <line num="1" count="2" type="stmt"/>
          <line num="8" count="2" type="stmt"/>
          <line num="9" count="2" type="stmt"/>
          <line num="10" count="2" type="stmt"/>
          <line num="11" count="2" type="stmt"/>
          <line num="12" count="2" type="stmt"/>
          <line num="14" count="2" type="stmt"/>
        </file>
      </package>
      <package name="test">
        <metrics statements="1" coveredstatements="1" conditionals="0" coveredconditionals="0" methods="1" coveredmethods="1"/>
        <file name="sum.js" path="C:\Work\Training\Vue.js\Vuejs2andBootstrap4WebDevelopment\Jpp\profitoro-nuxt\test\sum.js">
          <metrics statements="1" coveredstatements="1" conditionals="0" coveredconditionals="0" methods="1" coveredmethods="1"/>
          <line num="2" count="1" type="stmt"/>
        </file>
      </package>
      <package name="utils">
        <metrics statements="12" coveredstatements="12" conditionals="4" coveredconditionals="4" methods="3" coveredmethods="3"/>
        <file name="utils.js" path="C:\Work\Training\Vue.js\Vuejs2andBootstrap4WebDevelopment\Jpp\profitoro-nuxt\utils\utils.js">
          <metrics statements="12" coveredstatements="12" conditionals="4" coveredconditionals="4" methods="3" coveredmethods="3"/>
          <line num="6" count="2" type="stmt"/>
          <line num="7" count="4" type="cond" truecount="2" falsecount="0"/>
          <line num="8" count="2" type="stmt"/>
          <line num="11" count="2" type="stmt"/>
          <line num="19" count="2" type="stmt"/>
          <line num="20" count="2" type="stmt"/>
          <line num="21" count="2" type="cond" truecount="2" falsecount="0"/>
          <line num="22" count="1" type="stmt"/>
          <line num="24" count="1" type="stmt"/>
          <line num="28" count="2" type="stmt"/>
          <line num="29" count="1" type="stmt"/>
          <line num="30" count="1" type="stmt"/>
        </file>
      </package>
    </metrics>
  </project>
</coverage>
