{"C:\\Work\\Training\\Vue.js\\Vuejs2andBootstrap4WebDevelopment\\Jpp\\profitoro-nuxt\\components\\common\\FooterComponent.vue": {"path":"C:\\Work\\Training\\Vue.js\\Vuejs2andBootstrap4WebDevelopment\\Jpp\\profitoro-nuxt\\components\\common\\FooterComponent.vue","statementMap":{"0":{"start":{"line":3,"column":0},"end":{"line":5,"column":3}},"1":{"start":{"line":6,"column":0},"end":{"line":6,"column":20}},"2":{"start":{"line":8,"column":23},"end":{"line":8,"column":101}},"3":{"start":{"line":10,"column":0},"end":{"line":18,"column":2}},"4":{"start":{"line":11,"column":12},"end":{"line":11,"column":16}},"5":{"start":{"line":13,"column":11},"end":{"line":13,"column":29}},"6":{"start":{"line":15,"column":11},"end":{"line":15,"column":29}},"7":{"start":{"line":17,"column":2},"end":{"line":17,"column":19}},"8":{"start":{"line":20,"column":0},"end":{"line":38,"column":3}},"9":{"start":{"line":21,"column":12},"end":{"line":21,"column":16}},"10":{"start":{"line":23,"column":11},"end":{"line":23,"column":29}},"11":{"start":{"line":25,"column":11},"end":{"line":25,"column":29}},"12":{"start":{"line":27,"column":2},"end":{"line":37,"column":37}}},"fnMap":{"0":{"name":"render","decl":{"start":{"line":10,"column":35},"end":{"line":10,"column":41}},"loc":{"start":{"line":10,"column":44},"end":{"line":18,"column":1}},"line":10},"1":{"name":"render","decl":{"start":{"line":20,"column":45},"end":{"line":20,"column":51}},"loc":{"start":{"line":20,"column":54},"end":{"line":38,"column":1}},"line":20}},"branchMap":{"0":{"loc":{"start":{"line":8,"column":23},"end":{"line":8,"column":101}},"type":"cond-expr","locations":[{"start":{"line":8,"column":62},"end":{"line":8,"column":84}},{"start":{"line":8,"column":87},"end":{"line":8,"column":101}}],"line":8},"1":{"loc":{"start":{"line":15,"column":11},"end":{"line":15,"column":29}},"type":"binary-expr","locations":[{"start":{"line":15,"column":11},"end":{"line":15,"column":23}},{"start":{"line":15,"column":27},"end":{"line":15,"column":29}}],"line":15},"2":{"loc":{"start":{"line":25,"column":11},"end":{"line":25,"column":29}},"type":"binary-expr","locations":[{"start":{"line":25,"column":11},"end":{"line":25,"column":23}},{"start":{"line":25,"column":27},"end":{"line":25,"column":29}}],"line":25}},"s":{"0":1,"1":1,"2":1,"3":1,"4":5,"5":5,"6":5,"7":5,"8":1,"9":5,"10":5,"11":5,"12":5},"f":{"0":5,"1":5},"b":{"0":[0,1],"1":[5,0],"2":[5,0]},"_coverageSchema":"332fd63041d2c1bcb487cc26dd0d5f7d97098a6c","hash":"d3add010c709029ad8304587136af598cbfddc54"}
,"C:\\Work\\Training\\Vue.js\\Vuejs2andBootstrap4WebDevelopment\\Jpp\\profitoro-nuxt\\components\\common\\HeaderComponent.vue": {"path":"C:\\Work\\Training\\Vue.js\\Vuejs2andBootstrap4WebDevelopment\\Jpp\\profitoro-nuxt\\components\\common\\HeaderComponent.vue","statementMap":{"0":{"start":{"line":3,"column":0},"end":{"line":5,"column":3}},"1":{"start":{"line":7,"column":15},"end":{"line":7,"column":256}},"2":{"start":{"line":7,"column":52},"end":{"line":7,"column":239}},"3":{"start":{"line":7,"column":110},"end":{"line":7,"column":122}},"4":{"start":{"line":7,"column":124},"end":{"line":7,"column":237}},"5":{"start":{"line":7,"column":150},"end":{"line":7,"column":235}},"6":{"start":{"line":7,"column":207},"end":{"line":7,"column":233}},"7":{"start":{"line":7,"column":240},"end":{"line":7,"column":254}},"8":{"start":{"line":9,"column":12},"end":{"line":9,"column":27}},"9":{"start":{"line":11,"column":12},"end":{"line":11,"column":47}},"10":{"start":{"line":13,"column":13},"end":{"line":13,"column":42}},"11":{"start":{"line":15,"column":39},"end":{"line":15,"column":93}},"12":{"start":{"line":17,"column":0},"end":{"line":29,"column":2}},"13":{"start":{"line":22,"column":6},"end":{"line":22,"column":20}},"14":{"start":{"line":23,"column":6},"end":{"line":23,"column":29}},"15":{"start":{"line":31,"column":23},"end":{"line":31,"column":101}},"16":{"start":{"line":33,"column":0},"end":{"line":112,"column":2}},"17":{"start":{"line":34,"column":12},"end":{"line":34,"column":16}},"18":{"start":{"line":36,"column":11},"end":{"line":36,"column":29}},"19":{"start":{"line":38,"column":11},"end":{"line":38,"column":29}},"20":{"start":{"line":40,"column":2},"end":{"line":111,"column":60}},"21":{"start":{"line":114,"column":0},"end":{"line":134,"column":3}},"22":{"start":{"line":115,"column":12},"end":{"line":115,"column":16}},"23":{"start":{"line":117,"column":11},"end":{"line":117,"column":29}},"24":{"start":{"line":119,"column":11},"end":{"line":119,"column":29}},"25":{"start":{"line":121,"column":2},"end":{"line":133,"column":7}}},"fnMap":{"0":{"name":"(anonymous_0)","decl":{"start":{"line":7,"column":32},"end":{"line":7,"column":33}},"loc":{"start":{"line":7,"column":50},"end":{"line":7,"column":256}},"line":7},"1":{"name":"_interopRequireDefault","decl":{"start":{"line":15,"column":9},"end":{"line":15,"column":31}},"loc":{"start":{"line":15,"column":37},"end":{"line":15,"column":95}},"line":15},"2":{"name":"onLogout","decl":{"start":{"line":21,"column":23},"end":{"line":21,"column":31}},"loc":{"start":{"line":21,"column":34},"end":{"line":24,"column":5}},"line":21},"3":{"name":"render","decl":{"start":{"line":33,"column":35},"end":{"line":33,"column":41}},"loc":{"start":{"line":33,"column":44},"end":{"line":112,"column":1}},"line":33},"4":{"name":"render","decl":{"start":{"line":114,"column":45},"end":{"line":114,"column":51}},"loc":{"start":{"line":114,"column":54},"end":{"line":134,"column":1}},"line":114}},"branchMap":{"0":{"loc":{"start":{"line":7,"column":15},"end":{"line":7,"column":256}},"type":"binary-expr","locations":[{"start":{"line":7,"column":15},"end":{"line":7,"column":28}},{"start":{"line":7,"column":32},"end":{"line":7,"column":256}}],"line":7},"1":{"loc":{"start":{"line":7,"column":150},"end":{"line":7,"column":235}},"type":"if","locations":[{"start":{"line":7,"column":150},"end":{"line":7,"column":235}},{"start":{"line":7,"column":150},"end":{"line":7,"column":235}}],"line":7},"2":{"loc":{"start":{"line":15,"column":46},"end":{"line":15,"column":92}},"type":"cond-expr","locations":[{"start":{"line":15,"column":70},"end":{"line":15,"column":73}},{"start":{"line":15,"column":76},"end":{"line":15,"column":92}}],"line":15},"3":{"loc":{"start":{"line":15,"column":46},"end":{"line":15,"column":67}},"type":"binary-expr","locations":[{"start":{"line":15,"column":46},"end":{"line":15,"column":49}},{"start":{"line":15,"column":53},"end":{"line":15,"column":67}}],"line":15},"4":{"loc":{"start":{"line":31,"column":23},"end":{"line":31,"column":101}},"type":"cond-expr","locations":[{"start":{"line":31,"column":62},"end":{"line":31,"column":84}},{"start":{"line":31,"column":87},"end":{"line":31,"column":101}}],"line":31},"5":{"loc":{"start":{"line":38,"column":11},"end":{"line":38,"column":29}},"type":"binary-expr","locations":[{"start":{"line":38,"column":11},"end":{"line":38,"column":23}},{"start":{"line":38,"column":27},"end":{"line":38,"column":29}}],"line":38},"6":{"loc":{"start":{"line":101,"column":6},"end":{"line":106,"column":35}},"type":"cond-expr","locations":[{"start":{"line":101,"column":28},"end":{"line":106,"column":24}},{"start":{"line":106,"column":27},"end":{"line":106,"column":35}}],"line":101},"7":{"loc":{"start":{"line":106,"column":50},"end":{"line":111,"column":49}},"type":"cond-expr","locations":[{"start":{"line":106,"column":73},"end":{"line":111,"column":38}},{"start":{"line":111,"column":41},"end":{"line":111,"column":49}}],"line":106},"8":{"loc":{"start":{"line":119,"column":11},"end":{"line":119,"column":29}},"type":"binary-expr","locations":[{"start":{"line":119,"column":11},"end":{"line":119,"column":23}},{"start":{"line":119,"column":27},"end":{"line":119,"column":29}}],"line":119}},"s":{"0":2,"1":2,"2":0,"3":0,"4":0,"5":0,"6":0,"7":0,"8":2,"9":2,"10":2,"11":2,"12":2,"13":1,"14":1,"15":2,"16":2,"17":6,"18":6,"19":6,"20":6,"21":2,"22":6,"23":6,"24":6,"25":6},"f":{"0":0,"1":2,"2":1,"3":6,"4":6},"b":{"0":[2,0],"1":[0,0],"2":[0,2],"3":[2,2],"4":[0,2],"5":[6,0],"6":[0,6],"7":[6,0],"8":[6,0]},"_coverageSchema":"332fd63041d2c1bcb487cc26dd0d5f7d97098a6c","hash":"b2f5913602c2b6d6306a8f4f70361699bb284d7b"}
,"C:\\Work\\Training\\Vue.js\\Vuejs2andBootstrap4WebDevelopment\\Jpp\\profitoro-nuxt\\components\\common\\Logo.vue": {"path":"C:\\Work\\Training\\Vue.js\\Vuejs2andBootstrap4WebDevelopment\\Jpp\\profitoro-nuxt\\components\\common\\Logo.vue","statementMap":{"0":{"start":{"line":3,"column":0},"end":{"line":5,"column":3}},"1":{"start":{"line":6,"column":0},"end":{"line":12,"column":2}},"2":{"start":{"line":8,"column":4},"end":{"line":10,"column":6}},"3":{"start":{"line":14,"column":23},"end":{"line":14,"column":101}},"4":{"start":{"line":16,"column":0},"end":{"line":34,"column":2}},"5":{"start":{"line":17,"column":12},"end":{"line":17,"column":16}},"6":{"start":{"line":19,"column":11},"end":{"line":19,"column":29}},"7":{"start":{"line":21,"column":11},"end":{"line":21,"column":29}},"8":{"start":{"line":23,"column":2},"end":{"line":33,"column":7}},"9":{"start":{"line":36,"column":0},"end":{"line":36,"column":38}}},"fnMap":{"0":{"name":"data","decl":{"start":{"line":7,"column":17},"end":{"line":7,"column":21}},"loc":{"start":{"line":7,"column":24},"end":{"line":11,"column":3}},"line":7},"1":{"name":"render","decl":{"start":{"line":16,"column":35},"end":{"line":16,"column":41}},"loc":{"start":{"line":16,"column":44},"end":{"line":34,"column":1}},"line":16}},"branchMap":{"0":{"loc":{"start":{"line":14,"column":23},"end":{"line":14,"column":101}},"type":"cond-expr","locations":[{"start":{"line":14,"column":62},"end":{"line":14,"column":84}},{"start":{"line":14,"column":87},"end":{"line":14,"column":101}}],"line":14},"1":{"loc":{"start":{"line":21,"column":11},"end":{"line":21,"column":29}},"type":"binary-expr","locations":[{"start":{"line":21,"column":11},"end":{"line":21,"column":23}},{"start":{"line":21,"column":27},"end":{"line":21,"column":29}}],"line":21}},"s":{"0":2,"1":2,"2":6,"3":2,"4":2,"5":6,"6":6,"7":6,"8":6,"9":2},"f":{"0":6,"1":6},"b":{"0":[0,2],"1":[6,0]},"_coverageSchema":"332fd63041d2c1bcb487cc26dd0d5f7d97098a6c","hash":"16f9ed55b80a6be80fccffa745319a15e48201d3"}
,"C:\\Work\\Training\\Vue.js\\Vuejs2andBootstrap4WebDevelopment\\Jpp\\profitoro-nuxt\\components\\common\\index.js": {"path":"C:\\Work\\Training\\Vue.js\\Vuejs2andBootstrap4WebDevelopment\\Jpp\\profitoro-nuxt\\components\\common\\index.js","statementMap":{},"fnMap":{},"branchMap":{},"s":{},"f":{},"b":{},"_coverageSchema":"332fd63041d2c1bcb487cc26dd0d5f7d97098a6c","hash":"ed83553e4e96da2ed54f66da5cd266153d063240"}
,"C:\\Work\\Training\\Vue.js\\Vuejs2andBootstrap4WebDevelopment\\Jpp\\profitoro-nuxt\\components\\landing\\Authentication.vue": {"path":"C:\\Work\\Training\\Vue.js\\Vuejs2andBootstrap4WebDevelopment\\Jpp\\profitoro-nuxt\\components\\landing\\Authentication.vue","statementMap":{"0":{"start":{"line":3,"column":0},"end":{"line":5,"column":3}},"1":{"start":{"line":7,"column":15},"end":{"line":7,"column":256}},"2":{"start":{"line":7,"column":52},"end":{"line":7,"column":239}},"3":{"start":{"line":7,"column":110},"end":{"line":7,"column":122}},"4":{"start":{"line":7,"column":124},"end":{"line":7,"column":237}},"5":{"start":{"line":7,"column":150},"end":{"line":7,"column":235}},"6":{"start":{"line":7,"column":207},"end":{"line":7,"column":233}},"7":{"start":{"line":7,"column":240},"end":{"line":7,"column":254}},"8":{"start":{"line":9,"column":12},"end":{"line":9,"column":27}},"9":{"start":{"line":11,"column":17},"end":{"line":14,"column":1}},"10":{"start":{"line":15,"column":25},"end":{"line":18,"column":1}},"11":{"start":{"line":19,"column":0},"end":{"line":50,"column":2}},"12":{"start":{"line":21,"column":4},"end":{"line":25,"column":6}},"13":{"start":{"line":30,"column":6},"end":{"line":30,"column":65}},"14":{"start":{"line":33,"column":6},"end":{"line":33,"column":65}},"15":{"start":{"line":36,"column":6},"end":{"line":36,"column":81}},"16":{"start":{"line":41,"column":6},"end":{"line":41,"column":35}},"17":{"start":{"line":44,"column":6},"end":{"line":44,"column":26}},"18":{"start":{"line":45,"column":6},"end":{"line":45,"column":27}},"19":{"start":{"line":46,"column":19},"end":{"line":46,"column":69}},"20":{"start":{"line":47,"column":6},"end":{"line":47,"column":61}},"21":{"start":{"line":52,"column":23},"end":{"line":52,"column":101}},"22":{"start":{"line":54,"column":0},"end":{"line":145,"column":2}},"23":{"start":{"line":55,"column":12},"end":{"line":55,"column":16}},"24":{"start":{"line":57,"column":11},"end":{"line":57,"column":29}},"25":{"start":{"line":59,"column":11},"end":{"line":59,"column":29}},"26":{"start":{"line":61,"column":2},"end":{"line":144,"column":50}},"27":{"start":{"line":84,"column":8},"end":{"line":86,"column":9}},"28":{"start":{"line":85,"column":10},"end":{"line":85,"column":17}},"29":{"start":{"line":88,"column":8},"end":{"line":88,"column":40}},"30":{"start":{"line":108,"column":8},"end":{"line":110,"column":9}},"31":{"start":{"line":109,"column":10},"end":{"line":109,"column":17}},"32":{"start":{"line":112,"column":8},"end":{"line":112,"column":43}},"33":{"start":{"line":147,"column":0},"end":{"line":147,"column":38}}},"fnMap":{"0":{"name":"(anonymous_0)","decl":{"start":{"line":7,"column":32},"end":{"line":7,"column":33}},"loc":{"start":{"line":7,"column":50},"end":{"line":7,"column":256}},"line":7},"1":{"name":"data","decl":{"start":{"line":20,"column":17},"end":{"line":20,"column":21}},"loc":{"start":{"line":20,"column":24},"end":{"line":26,"column":3}},"line":20},"2":{"name":"titleText","decl":{"start":{"line":29,"column":24},"end":{"line":29,"column":33}},"loc":{"start":{"line":29,"column":36},"end":{"line":31,"column":5}},"line":29},"3":{"name":"switchButtonText","decl":{"start":{"line":32,"column":31},"end":{"line":32,"column":47}},"loc":{"start":{"line":32,"column":50},"end":{"line":34,"column":5}},"line":32},"4":{"name":"actionButtonText","decl":{"start":{"line":35,"column":31},"end":{"line":35,"column":47}},"loc":{"start":{"line":35,"column":50},"end":{"line":37,"column":5}},"line":35},"5":{"name":"onSwitch","decl":{"start":{"line":40,"column":23},"end":{"line":40,"column":31}},"loc":{"start":{"line":40,"column":34},"end":{"line":42,"column":5}},"line":40},"6":{"name":"onAction","decl":{"start":{"line":43,"column":23},"end":{"line":43,"column":31}},"loc":{"start":{"line":43,"column":36},"end":{"line":48,"column":5}},"line":43},"7":{"name":"render","decl":{"start":{"line":54,"column":35},"end":{"line":54,"column":41}},"loc":{"start":{"line":54,"column":44},"end":{"line":145,"column":1}},"line":54},"8":{"name":"input","decl":{"start":{"line":83,"column":24},"end":{"line":83,"column":29}},"loc":{"start":{"line":83,"column":38},"end":{"line":89,"column":7}},"line":83},"9":{"name":"input","decl":{"start":{"line":107,"column":24},"end":{"line":107,"column":29}},"loc":{"start":{"line":107,"column":38},"end":{"line":113,"column":7}},"line":107}},"branchMap":{"0":{"loc":{"start":{"line":7,"column":15},"end":{"line":7,"column":256}},"type":"binary-expr","locations":[{"start":{"line":7,"column":15},"end":{"line":7,"column":28}},{"start":{"line":7,"column":32},"end":{"line":7,"column":256}}],"line":7},"1":{"loc":{"start":{"line":7,"column":150},"end":{"line":7,"column":235}},"type":"if","locations":[{"start":{"line":7,"column":150},"end":{"line":7,"column":235}},{"start":{"line":7,"column":150},"end":{"line":7,"column":235}}],"line":7},"2":{"loc":{"start":{"line":30,"column":13},"end":{"line":30,"column":64}},"type":"cond-expr","locations":[{"start":{"line":30,"column":28},"end":{"line":30,"column":44}},{"start":{"line":30,"column":47},"end":{"line":30,"column":64}}],"line":30},"3":{"loc":{"start":{"line":33,"column":13},"end":{"line":33,"column":64}},"type":"cond-expr","locations":[{"start":{"line":33,"column":28},"end":{"line":33,"column":45}},{"start":{"line":33,"column":48},"end":{"line":33,"column":64}}],"line":33},"4":{"loc":{"start":{"line":36,"column":13},"end":{"line":36,"column":80}},"type":"cond-expr","locations":[{"start":{"line":36,"column":28},"end":{"line":36,"column":52}},{"start":{"line":36,"column":55},"end":{"line":36,"column":80}}],"line":36},"5":{"loc":{"start":{"line":46,"column":19},"end":{"line":46,"column":69}},"type":"cond-expr","locations":[{"start":{"line":46,"column":34},"end":{"line":46,"column":51}},{"start":{"line":46,"column":54},"end":{"line":46,"column":69}}],"line":46},"6":{"loc":{"start":{"line":52,"column":23},"end":{"line":52,"column":101}},"type":"cond-expr","locations":[{"start":{"line":52,"column":62},"end":{"line":52,"column":84}},{"start":{"line":52,"column":87},"end":{"line":52,"column":101}}],"line":52},"7":{"loc":{"start":{"line":59,"column":11},"end":{"line":59,"column":29}},"type":"binary-expr","locations":[{"start":{"line":59,"column":11},"end":{"line":59,"column":23}},{"start":{"line":59,"column":27},"end":{"line":59,"column":29}}],"line":59},"8":{"loc":{"start":{"line":84,"column":8},"end":{"line":86,"column":9}},"type":"if","locations":[{"start":{"line":84,"column":8},"end":{"line":86,"column":9}},{"start":{"line":84,"column":8},"end":{"line":86,"column":9}}],"line":84},"9":{"loc":{"start":{"line":108,"column":8},"end":{"line":110,"column":9}},"type":"if","locations":[{"start":{"line":108,"column":8},"end":{"line":110,"column":9}},{"start":{"line":108,"column":8},"end":{"line":110,"column":9}}],"line":108}},"s":{"0":1,"1":1,"2":0,"3":0,"4":0,"5":0,"6":0,"7":0,"8":1,"9":1,"10":1,"11":1,"12":2,"13":2,"14":2,"15":2,"16":0,"17":0,"18":0,"19":0,"20":0,"21":1,"22":1,"23":2,"24":2,"25":2,"26":2,"27":0,"28":0,"29":0,"30":0,"31":0,"32":0,"33":1},"f":{"0":0,"1":2,"2":2,"3":2,"4":2,"5":0,"6":0,"7":2,"8":0,"9":0},"b":{"0":[1,0],"1":[0,0],"2":[2,0],"3":[2,0],"4":[2,0],"5":[0,0],"6":[0,1],"7":[2,0],"8":[0,0],"9":[0,0]},"_coverageSchema":"332fd63041d2c1bcb487cc26dd0d5f7d97098a6c","hash":"7d876d2d5805d7dca6b339732146d4dffb20777b"}
,"C:\\Work\\Training\\Vue.js\\Vuejs2andBootstrap4WebDevelopment\\Jpp\\profitoro-nuxt\\components\\landing\\LogoText.vue": {"path":"C:\\Work\\Training\\Vue.js\\Vuejs2andBootstrap4WebDevelopment\\Jpp\\profitoro-nuxt\\components\\landing\\LogoText.vue","statementMap":{"0":{"start":{"line":3,"column":0},"end":{"line":5,"column":3}},"1":{"start":{"line":6,"column":0},"end":{"line":6,"column":20}},"2":{"start":{"line":8,"column":23},"end":{"line":8,"column":101}},"3":{"start":{"line":10,"column":0},"end":{"line":18,"column":2}},"4":{"start":{"line":11,"column":12},"end":{"line":11,"column":16}},"5":{"start":{"line":13,"column":11},"end":{"line":13,"column":29}},"6":{"start":{"line":15,"column":11},"end":{"line":15,"column":29}},"7":{"start":{"line":17,"column":2},"end":{"line":17,"column":19}},"8":{"start":{"line":20,"column":0},"end":{"line":32,"column":3}},"9":{"start":{"line":21,"column":12},"end":{"line":21,"column":16}},"10":{"start":{"line":23,"column":11},"end":{"line":23,"column":29}},"11":{"start":{"line":25,"column":11},"end":{"line":25,"column":29}},"12":{"start":{"line":27,"column":2},"end":{"line":31,"column":24}}},"fnMap":{"0":{"name":"render","decl":{"start":{"line":10,"column":35},"end":{"line":10,"column":41}},"loc":{"start":{"line":10,"column":44},"end":{"line":18,"column":1}},"line":10},"1":{"name":"render","decl":{"start":{"line":20,"column":45},"end":{"line":20,"column":51}},"loc":{"start":{"line":20,"column":54},"end":{"line":32,"column":1}},"line":20}},"branchMap":{"0":{"loc":{"start":{"line":8,"column":23},"end":{"line":8,"column":101}},"type":"cond-expr","locations":[{"start":{"line":8,"column":62},"end":{"line":8,"column":84}},{"start":{"line":8,"column":87},"end":{"line":8,"column":101}}],"line":8},"1":{"loc":{"start":{"line":15,"column":11},"end":{"line":15,"column":29}},"type":"binary-expr","locations":[{"start":{"line":15,"column":11},"end":{"line":15,"column":23}},{"start":{"line":15,"column":27},"end":{"line":15,"column":29}}],"line":15},"2":{"loc":{"start":{"line":25,"column":11},"end":{"line":25,"column":29}},"type":"binary-expr","locations":[{"start":{"line":25,"column":11},"end":{"line":25,"column":23}},{"start":{"line":25,"column":27},"end":{"line":25,"column":29}}],"line":25}},"s":{"0":1,"1":1,"2":1,"3":1,"4":2,"5":2,"6":2,"7":2,"8":1,"9":2,"10":2,"11":2,"12":2},"f":{"0":2,"1":2},"b":{"0":[0,1],"1":[2,0],"2":[2,0]},"_coverageSchema":"332fd63041d2c1bcb487cc26dd0d5f7d97098a6c","hash":"5be7f609e04824def6b9d0ec7285cf399818fe2b"}
,"C:\\Work\\Training\\Vue.js\\Vuejs2andBootstrap4WebDevelopment\\Jpp\\profitoro-nuxt\\components\\landing\\Tagline.vue": {"path":"C:\\Work\\Training\\Vue.js\\Vuejs2andBootstrap4WebDevelopment\\Jpp\\profitoro-nuxt\\components\\landing\\Tagline.vue","statementMap":{"0":{"start":{"line":3,"column":0},"end":{"line":5,"column":3}},"1":{"start":{"line":6,"column":0},"end":{"line":6,"column":20}},"2":{"start":{"line":8,"column":23},"end":{"line":8,"column":101}},"3":{"start":{"line":10,"column":0},"end":{"line":20,"column":2}},"4":{"start":{"line":11,"column":12},"end":{"line":11,"column":16}},"5":{"start":{"line":13,"column":11},"end":{"line":13,"column":29}},"6":{"start":{"line":15,"column":11},"end":{"line":15,"column":29}},"7":{"start":{"line":17,"column":2},"end":{"line":19,"column":61}},"8":{"start":{"line":22,"column":0},"end":{"line":22,"column":38}}},"fnMap":{"0":{"name":"render","decl":{"start":{"line":10,"column":35},"end":{"line":10,"column":41}},"loc":{"start":{"line":10,"column":44},"end":{"line":20,"column":1}},"line":10}},"branchMap":{"0":{"loc":{"start":{"line":8,"column":23},"end":{"line":8,"column":101}},"type":"cond-expr","locations":[{"start":{"line":8,"column":62},"end":{"line":8,"column":84}},{"start":{"line":8,"column":87},"end":{"line":8,"column":101}}],"line":8},"1":{"loc":{"start":{"line":15,"column":11},"end":{"line":15,"column":29}},"type":"binary-expr","locations":[{"start":{"line":15,"column":11},"end":{"line":15,"column":23}},{"start":{"line":15,"column":27},"end":{"line":15,"column":29}}],"line":15}},"s":{"0":1,"1":1,"2":1,"3":1,"4":2,"5":2,"6":2,"7":2,"8":1},"f":{"0":2},"b":{"0":[0,1],"1":[2,0]},"_coverageSchema":"332fd63041d2c1bcb487cc26dd0d5f7d97098a6c","hash":"74eac749715969b10aed3714918c3e05caaee174"}
,"C:\\Work\\Training\\Vue.js\\Vuejs2andBootstrap4WebDevelopment\\Jpp\\profitoro-nuxt\\components\\landing\\index.js": {"path":"C:\\Work\\Training\\Vue.js\\Vuejs2andBootstrap4WebDevelopment\\Jpp\\profitoro-nuxt\\components\\landing\\index.js","statementMap":{},"fnMap":{},"branchMap":{},"s":{},"f":{},"b":{},"_coverageSchema":"332fd63041d2c1bcb487cc26dd0d5f7d97098a6c","hash":"b33439ae0bea324e829e381e0131b366cb2bb069"}
,"C:\\Work\\Training\\Vue.js\\Vuejs2andBootstrap4WebDevelopment\\Jpp\\profitoro-nuxt\\components\\settings\\AccountSettings.vue": {"path":"C:\\Work\\Training\\Vue.js\\Vuejs2andBootstrap4WebDevelopment\\Jpp\\profitoro-nuxt\\components\\settings\\AccountSettings.vue","statementMap":{"0":{"start":{"line":3,"column":0},"end":{"line":5,"column":3}},"1":{"start":{"line":7,"column":15},"end":{"line":7,"column":256}},"2":{"start":{"line":7,"column":52},"end":{"line":7,"column":239}},"3":{"start":{"line":7,"column":110},"end":{"line":7,"column":122}},"4":{"start":{"line":7,"column":124},"end":{"line":7,"column":237}},"5":{"start":{"line":7,"column":150},"end":{"line":7,"column":235}},"6":{"start":{"line":7,"column":207},"end":{"line":7,"column":233}},"7":{"start":{"line":7,"column":240},"end":{"line":7,"column":254}},"8":{"start":{"line":9,"column":12},"end":{"line":9,"column":27}},"9":{"start":{"line":11,"column":0},"end":{"line":43,"column":2}},"10":{"start":{"line":13,"column":4},"end":{"line":18,"column":6}},"11":{"start":{"line":23,"column":4},"end":{"line":23,"column":45}},"12":{"start":{"line":24,"column":4},"end":{"line":24,"column":33}},"13":{"start":{"line":25,"column":4},"end":{"line":25,"column":76}},"14":{"start":{"line":30,"column":6},"end":{"line":30,"column":44}},"15":{"start":{"line":33,"column":6},"end":{"line":33,"column":39}},"16":{"start":{"line":36,"column":6},"end":{"line":36,"column":44}},"17":{"start":{"line":39,"column":6},"end":{"line":39,"column":41}},"18":{"start":{"line":40,"column":6},"end":{"line":40,"column":45}},"19":{"start":{"line":45,"column":23},"end":{"line":45,"column":101}},"20":{"start":{"line":47,"column":0},"end":{"line":154,"column":2}},"21":{"start":{"line":48,"column":12},"end":{"line":48,"column":16}},"22":{"start":{"line":50,"column":11},"end":{"line":50,"column":29}},"23":{"start":{"line":52,"column":11},"end":{"line":52,"column":29}},"24":{"start":{"line":54,"column":2},"end":{"line":153,"column":11}},"25":{"start":{"line":92,"column":8},"end":{"line":94,"column":9}},"26":{"start":{"line":93,"column":10},"end":{"line":93,"column":17}},"27":{"start":{"line":96,"column":8},"end":{"line":96,"column":43}},"28":{"start":{"line":119,"column":8},"end":{"line":121,"column":9}},"29":{"start":{"line":120,"column":10},"end":{"line":120,"column":17}},"30":{"start":{"line":123,"column":8},"end":{"line":123,"column":46}},"31":{"start":{"line":146,"column":8},"end":{"line":148,"column":9}},"32":{"start":{"line":147,"column":10},"end":{"line":147,"column":17}},"33":{"start":{"line":150,"column":8},"end":{"line":150,"column":40}},"34":{"start":{"line":156,"column":0},"end":{"line":156,"column":38}}},"fnMap":{"0":{"name":"(anonymous_0)","decl":{"start":{"line":7,"column":32},"end":{"line":7,"column":33}},"loc":{"start":{"line":7,"column":50},"end":{"line":7,"column":256}},"line":7},"1":{"name":"data","decl":{"start":{"line":12,"column":17},"end":{"line":12,"column":21}},"loc":{"start":{"line":12,"column":24},"end":{"line":19,"column":3}},"line":12},"2":{"name":"created","decl":{"start":{"line":22,"column":20},"end":{"line":22,"column":27}},"loc":{"start":{"line":22,"column":30},"end":{"line":26,"column":3}},"line":22},"3":{"name":"onChangeUserName","decl":{"start":{"line":29,"column":31},"end":{"line":29,"column":47}},"loc":{"start":{"line":29,"column":50},"end":{"line":31,"column":5}},"line":29},"4":{"name":"onChangeUserEmail","decl":{"start":{"line":32,"column":32},"end":{"line":32,"column":49}},"loc":{"start":{"line":32,"column":52},"end":{"line":34,"column":5}},"line":32},"5":{"name":"onChangeProfilePic","decl":{"start":{"line":35,"column":33},"end":{"line":35,"column":51}},"loc":{"start":{"line":35,"column":54},"end":{"line":37,"column":5}},"line":35},"6":{"name":"onProfilePicChanged","decl":{"start":{"line":38,"column":34},"end":{"line":38,"column":53}},"loc":{"start":{"line":38,"column":56},"end":{"line":41,"column":5}},"line":38},"7":{"name":"render","decl":{"start":{"line":47,"column":35},"end":{"line":47,"column":41}},"loc":{"start":{"line":47,"column":44},"end":{"line":154,"column":1}},"line":47},"8":{"name":"input","decl":{"start":{"line":91,"column":24},"end":{"line":91,"column":29}},"loc":{"start":{"line":91,"column":38},"end":{"line":97,"column":7}},"line":91},"9":{"name":"input","decl":{"start":{"line":118,"column":24},"end":{"line":118,"column":29}},"loc":{"start":{"line":118,"column":38},"end":{"line":124,"column":7}},"line":118},"10":{"name":"input","decl":{"start":{"line":145,"column":24},"end":{"line":145,"column":29}},"loc":{"start":{"line":145,"column":38},"end":{"line":151,"column":7}},"line":145}},"branchMap":{"0":{"loc":{"start":{"line":7,"column":15},"end":{"line":7,"column":256}},"type":"binary-expr","locations":[{"start":{"line":7,"column":15},"end":{"line":7,"column":28}},{"start":{"line":7,"column":32},"end":{"line":7,"column":256}}],"line":7},"1":{"loc":{"start":{"line":7,"column":150},"end":{"line":7,"column":235}},"type":"if","locations":[{"start":{"line":7,"column":150},"end":{"line":7,"column":235}},{"start":{"line":7,"column":150},"end":{"line":7,"column":235}}],"line":7},"2":{"loc":{"start":{"line":25,"column":20},"end":{"line":25,"column":75}},"type":"cond-expr","locations":[{"start":{"line":25,"column":41},"end":{"line":25,"column":59}},{"start":{"line":25,"column":62},"end":{"line":25,"column":75}}],"line":25},"3":{"loc":{"start":{"line":45,"column":23},"end":{"line":45,"column":101}},"type":"cond-expr","locations":[{"start":{"line":45,"column":62},"end":{"line":45,"column":84}},{"start":{"line":45,"column":87},"end":{"line":45,"column":101}}],"line":45},"4":{"loc":{"start":{"line":52,"column":11},"end":{"line":52,"column":29}},"type":"binary-expr","locations":[{"start":{"line":52,"column":11},"end":{"line":52,"column":23}},{"start":{"line":52,"column":27},"end":{"line":52,"column":29}}],"line":52},"5":{"loc":{"start":{"line":92,"column":8},"end":{"line":94,"column":9}},"type":"if","locations":[{"start":{"line":92,"column":8},"end":{"line":94,"column":9}},{"start":{"line":92,"column":8},"end":{"line":94,"column":9}}],"line":92},"6":{"loc":{"start":{"line":119,"column":8},"end":{"line":121,"column":9}},"type":"if","locations":[{"start":{"line":119,"column":8},"end":{"line":121,"column":9}},{"start":{"line":119,"column":8},"end":{"line":121,"column":9}}],"line":119},"7":{"loc":{"start":{"line":146,"column":8},"end":{"line":148,"column":9}},"type":"if","locations":[{"start":{"line":146,"column":8},"end":{"line":148,"column":9}},{"start":{"line":146,"column":8},"end":{"line":148,"column":9}}],"line":146}},"s":{"0":1,"1":1,"2":0,"3":0,"4":0,"5":0,"6":0,"7":0,"8":1,"9":1,"10":1,"11":1,"12":1,"13":1,"14":0,"15":0,"16":0,"17":0,"18":0,"19":1,"20":1,"21":1,"22":1,"23":1,"24":1,"25":0,"26":0,"27":0,"28":0,"29":0,"30":0,"31":0,"32":0,"33":0,"34":1},"f":{"0":0,"1":1,"2":1,"3":0,"4":0,"5":0,"6":0,"7":1,"8":0,"9":0,"10":0},"b":{"0":[1,0],"1":[0,0],"2":[0,1],"3":[0,1],"4":[1,0],"5":[0,0],"6":[0,0],"7":[0,0]},"_coverageSchema":"332fd63041d2c1bcb487cc26dd0d5f7d97098a6c","hash":"bc098099f504aa1e0f77938f5e5532e838a53c76"}
,"C:\\Work\\Training\\Vue.js\\Vuejs2andBootstrap4WebDevelopment\\Jpp\\profitoro-nuxt\\components\\settings\\PomodoroTimerSettings.vue": {"path":"C:\\Work\\Training\\Vue.js\\Vuejs2andBootstrap4WebDevelopment\\Jpp\\profitoro-nuxt\\components\\settings\\PomodoroTimerSettings.vue","statementMap":{"0":{"start":{"line":3,"column":0},"end":{"line":5,"column":3}},"1":{"start":{"line":7,"column":15},"end":{"line":7,"column":256}},"2":{"start":{"line":7,"column":52},"end":{"line":7,"column":239}},"3":{"start":{"line":7,"column":110},"end":{"line":7,"column":122}},"4":{"start":{"line":7,"column":124},"end":{"line":7,"column":237}},"5":{"start":{"line":7,"column":150},"end":{"line":7,"column":235}},"6":{"start":{"line":7,"column":207},"end":{"line":7,"column":233}},"7":{"start":{"line":7,"column":240},"end":{"line":7,"column":254}},"8":{"start":{"line":9,"column":12},"end":{"line":9,"column":27}},"9":{"start":{"line":11,"column":23},"end":{"line":11,"column":68}},"10":{"start":{"line":13,"column":24},"end":{"line":13,"column":64}},"11":{"start":{"line":15,"column":16},"end":{"line":15,"column":57}},"12":{"start":{"line":17,"column":17},"end":{"line":17,"column":50}},"13":{"start":{"line":19,"column":39},"end":{"line":19,"column":93}},"14":{"start":{"line":21,"column":0},"end":{"line":30,"column":2}},"15":{"start":{"line":32,"column":23},"end":{"line":32,"column":101}},"16":{"start":{"line":34,"column":0},"end":{"line":84,"column":2}},"17":{"start":{"line":35,"column":12},"end":{"line":35,"column":16}},"18":{"start":{"line":37,"column":11},"end":{"line":37,"column":29}},"19":{"start":{"line":39,"column":11},"end":{"line":39,"column":29}},"20":{"start":{"line":41,"column":2},"end":{"line":83,"column":39}},"21":{"start":{"line":86,"column":0},"end":{"line":86,"column":38}}},"fnMap":{"0":{"name":"(anonymous_0)","decl":{"start":{"line":7,"column":32},"end":{"line":7,"column":33}},"loc":{"start":{"line":7,"column":50},"end":{"line":7,"column":256}},"line":7},"1":{"name":"_interopRequireDefault","decl":{"start":{"line":19,"column":9},"end":{"line":19,"column":31}},"loc":{"start":{"line":19,"column":37},"end":{"line":19,"column":95}},"line":19},"2":{"name":"render","decl":{"start":{"line":34,"column":35},"end":{"line":34,"column":41}},"loc":{"start":{"line":34,"column":44},"end":{"line":84,"column":1}},"line":34}},"branchMap":{"0":{"loc":{"start":{"line":7,"column":15},"end":{"line":7,"column":256}},"type":"binary-expr","locations":[{"start":{"line":7,"column":15},"end":{"line":7,"column":28}},{"start":{"line":7,"column":32},"end":{"line":7,"column":256}}],"line":7},"1":{"loc":{"start":{"line":7,"column":150},"end":{"line":7,"column":235}},"type":"if","locations":[{"start":{"line":7,"column":150},"end":{"line":7,"column":235}},{"start":{"line":7,"column":150},"end":{"line":7,"column":235}}],"line":7},"2":{"loc":{"start":{"line":19,"column":46},"end":{"line":19,"column":92}},"type":"cond-expr","locations":[{"start":{"line":19,"column":70},"end":{"line":19,"column":73}},{"start":{"line":19,"column":76},"end":{"line":19,"column":92}}],"line":19},"3":{"loc":{"start":{"line":19,"column":46},"end":{"line":19,"column":67}},"type":"binary-expr","locations":[{"start":{"line":19,"column":46},"end":{"line":19,"column":49}},{"start":{"line":19,"column":53},"end":{"line":19,"column":67}}],"line":19},"4":{"loc":{"start":{"line":32,"column":23},"end":{"line":32,"column":101}},"type":"cond-expr","locations":[{"start":{"line":32,"column":62},"end":{"line":32,"column":84}},{"start":{"line":32,"column":87},"end":{"line":32,"column":101}}],"line":32},"5":{"loc":{"start":{"line":39,"column":11},"end":{"line":39,"column":29}},"type":"binary-expr","locations":[{"start":{"line":39,"column":11},"end":{"line":39,"column":23}},{"start":{"line":39,"column":27},"end":{"line":39,"column":29}}],"line":39}},"s":{"0":1,"1":1,"2":0,"3":0,"4":0,"5":0,"6":0,"7":0,"8":1,"9":1,"10":1,"11":1,"12":1,"13":2,"14":1,"15":1,"16":1,"17":1,"18":1,"19":1,"20":1,"21":1},"f":{"0":0,"1":2,"2":1},"b":{"0":[1,0],"1":[0,0],"2":[0,2],"3":[2,2],"4":[0,1],"5":[1,0]},"_coverageSchema":"332fd63041d2c1bcb487cc26dd0d5f7d97098a6c","hash":"a451b25ef4b29fe4a4c755f69cbe7973d9c66370"}
,"C:\\Work\\Training\\Vue.js\\Vuejs2andBootstrap4WebDevelopment\\Jpp\\profitoro-nuxt\\components\\settings\\SetTimer.vue": {"path":"C:\\Work\\Training\\Vue.js\\Vuejs2andBootstrap4WebDevelopment\\Jpp\\profitoro-nuxt\\components\\settings\\SetTimer.vue","statementMap":{"0":{"start":{"line":3,"column":0},"end":{"line":5,"column":3}},"1":{"start":{"line":6,"column":0},"end":{"line":13,"column":2}},"2":{"start":{"line":10,"column":6},"end":{"line":10,"column":50}},"3":{"start":{"line":15,"column":23},"end":{"line":15,"column":101}},"4":{"start":{"line":17,"column":0},"end":{"line":38,"column":2}},"5":{"start":{"line":18,"column":12},"end":{"line":18,"column":16}},"6":{"start":{"line":20,"column":11},"end":{"line":20,"column":29}},"7":{"start":{"line":22,"column":11},"end":{"line":22,"column":29}},"8":{"start":{"line":24,"column":2},"end":{"line":37,"column":9}},"9":{"start":{"line":40,"column":0},"end":{"line":40,"column":38}}},"fnMap":{"0":{"name":"onChange","decl":{"start":{"line":9,"column":23},"end":{"line":9,"column":31}},"loc":{"start":{"line":9,"column":36},"end":{"line":11,"column":5}},"line":9},"1":{"name":"render","decl":{"start":{"line":17,"column":35},"end":{"line":17,"column":41}},"loc":{"start":{"line":17,"column":44},"end":{"line":38,"column":1}},"line":17}},"branchMap":{"0":{"loc":{"start":{"line":15,"column":23},"end":{"line":15,"column":101}},"type":"cond-expr","locations":[{"start":{"line":15,"column":62},"end":{"line":15,"column":84}},{"start":{"line":15,"column":87},"end":{"line":15,"column":101}}],"line":15},"1":{"loc":{"start":{"line":22,"column":11},"end":{"line":22,"column":29}},"type":"binary-expr","locations":[{"start":{"line":22,"column":11},"end":{"line":22,"column":23}},{"start":{"line":22,"column":27},"end":{"line":22,"column":29}}],"line":22}},"s":{"0":1,"1":1,"2":0,"3":1,"4":1,"5":3,"6":3,"7":3,"8":3,"9":1},"f":{"0":0,"1":3},"b":{"0":[0,1],"1":[3,0]},"_coverageSchema":"332fd63041d2c1bcb487cc26dd0d5f7d97098a6c","hash":"142d6db9fd7ff40d74ed93c91005319f5db80ba2"}
,"C:\\Work\\Training\\Vue.js\\Vuejs2andBootstrap4WebDevelopment\\Jpp\\profitoro-nuxt\\components\\timer\\CountDownTimer.vue": {"path":"C:\\Work\\Training\\Vue.js\\Vuejs2andBootstrap4WebDevelopment\\Jpp\\profitoro-nuxt\\components\\timer\\CountDownTimer.vue","statementMap":{"0":{"start":{"line":3,"column":0},"end":{"line":5,"column":3}},"1":{"start":{"line":7,"column":23},"end":{"line":7,"column":68}},"2":{"start":{"line":9,"column":24},"end":{"line":9,"column":64}},"3":{"start":{"line":11,"column":13},"end":{"line":11,"column":37}},"4":{"start":{"line":13,"column":39},"end":{"line":13,"column":93}},"5":{"start":{"line":15,"column":12},"end":{"line":19,"column":1}},"6":{"start":{"line":21,"column":0},"end":{"line":100,"column":2}},"7":{"start":{"line":24,"column":4},"end":{"line":34,"column":6}},"8":{"start":{"line":39,"column":6},"end":{"line":39,"column":45}},"9":{"start":{"line":42,"column":6},"end":{"line":42,"column":33}},"10":{"start":{"line":45,"column":6},"end":{"line":45,"column":52}},"11":{"start":{"line":48,"column":6},"end":{"line":48,"column":89}},"12":{"start":{"line":56,"column":6},"end":{"line":56,"column":28}},"13":{"start":{"line":57,"column":6},"end":{"line":57,"column":33}},"14":{"start":{"line":58,"column":6},"end":{"line":60,"column":7}},"15":{"start":{"line":59,"column":8},"end":{"line":59,"column":37}},"16":{"start":{"line":63,"column":18},"end":{"line":63,"column":22}},"17":{"start":{"line":65,"column":6},"end":{"line":68,"column":7}},"18":{"start":{"line":66,"column":8},"end":{"line":66,"column":35}},"19":{"start":{"line":67,"column":8},"end":{"line":67,"column":36}},"20":{"start":{"line":69,"column":6},"end":{"line":69,"column":78}},"21":{"start":{"line":70,"column":6},"end":{"line":70,"column":20}},"22":{"start":{"line":71,"column":6},"end":{"line":71,"column":33}},"23":{"start":{"line":72,"column":6},"end":{"line":81,"column":13}},"24":{"start":{"line":74,"column":31},"end":{"line":74,"column":82}},"25":{"start":{"line":76,"column":8},"end":{"line":76,"column":77}},"26":{"start":{"line":77,"column":8},"end":{"line":80,"column":9}},"27":{"start":{"line":78,"column":10},"end":{"line":78,"column":23}},"28":{"start":{"line":79,"column":10},"end":{"line":79,"column":34}},"29":{"start":{"line":84,"column":6},"end":{"line":84,"column":34}},"30":{"start":{"line":85,"column":6},"end":{"line":85,"column":35}},"31":{"start":{"line":86,"column":6},"end":{"line":86,"column":32}},"32":{"start":{"line":89,"column":6},"end":{"line":89,"column":35}},"33":{"start":{"line":90,"column":6},"end":{"line":90,"column":33}},"34":{"start":{"line":91,"column":6},"end":{"line":91,"column":28}},"35":{"start":{"line":92,"column":6},"end":{"line":92,"column":33}},"36":{"start":{"line":97,"column":6},"end":{"line":97,"column":33}},"37":{"start":{"line":102,"column":23},"end":{"line":102,"column":101}},"38":{"start":{"line":104,"column":0},"end":{"line":172,"column":2}},"39":{"start":{"line":105,"column":12},"end":{"line":105,"column":16}},"40":{"start":{"line":107,"column":11},"end":{"line":107,"column":29}},"41":{"start":{"line":109,"column":11},"end":{"line":109,"column":29}},"42":{"start":{"line":111,"column":2},"end":{"line":171,"column":16}},"43":{"start":{"line":174,"column":0},"end":{"line":174,"column":38}}},"fnMap":{"0":{"name":"_interopRequireDefault","decl":{"start":{"line":13,"column":9},"end":{"line":13,"column":31}},"loc":{"start":{"line":13,"column":37},"end":{"line":13,"column":95}},"line":13},"1":{"name":"data","decl":{"start":{"line":23,"column":17},"end":{"line":23,"column":21}},"loc":{"start":{"line":23,"column":24},"end":{"line":35,"column":3}},"line":23},"2":{"name":"minutes","decl":{"start":{"line":38,"column":22},"end":{"line":38,"column":29}},"loc":{"start":{"line":38,"column":32},"end":{"line":40,"column":5}},"line":38},"3":{"name":"seconds","decl":{"start":{"line":41,"column":22},"end":{"line":41,"column":29}},"loc":{"start":{"line":41,"column":32},"end":{"line":43,"column":5}},"line":41},"4":{"name":"angle","decl":{"start":{"line":44,"column":20},"end":{"line":44,"column":25}},"loc":{"start":{"line":44,"column":28},"end":{"line":46,"column":5}},"line":44},"5":{"name":"text","decl":{"start":{"line":47,"column":19},"end":{"line":47,"column":23}},"loc":{"start":{"line":47,"column":26},"end":{"line":49,"column":5}},"line":47},"6":{"name":"_reset","decl":{"start":{"line":55,"column":21},"end":{"line":55,"column":27}},"loc":{"start":{"line":55,"column":30},"end":{"line":61,"column":5}},"line":55},"7":{"name":"start","decl":{"start":{"line":62,"column":20},"end":{"line":62,"column":25}},"loc":{"start":{"line":62,"column":28},"end":{"line":82,"column":5}},"line":62},"8":{"name":"(anonymous_8)","decl":{"start":{"line":72,"column":34},"end":{"line":72,"column":35}},"loc":{"start":{"line":72,"column":46},"end":{"line":81,"column":7}},"line":72},"9":{"name":"pause","decl":{"start":{"line":83,"column":20},"end":{"line":83,"column":25}},"loc":{"start":{"line":83,"column":28},"end":{"line":87,"column":5}},"line":83},"10":{"name":"stop","decl":{"start":{"line":88,"column":19},"end":{"line":88,"column":23}},"loc":{"start":{"line":88,"column":26},"end":{"line":93,"column":5}},"line":88},"11":{"name":"time","decl":{"start":{"line":96,"column":19},"end":{"line":96,"column":23}},"loc":{"start":{"line":96,"column":26},"end":{"line":98,"column":5}},"line":96},"12":{"name":"render","decl":{"start":{"line":104,"column":35},"end":{"line":104,"column":41}},"loc":{"start":{"line":104,"column":44},"end":{"line":172,"column":1}},"line":104}},"branchMap":{"0":{"loc":{"start":{"line":13,"column":46},"end":{"line":13,"column":92}},"type":"cond-expr","locations":[{"start":{"line":13,"column":70},"end":{"line":13,"column":73}},{"start":{"line":13,"column":76},"end":{"line":13,"column":92}}],"line":13},"1":{"loc":{"start":{"line":13,"column":46},"end":{"line":13,"column":67}},"type":"binary-expr","locations":[{"start":{"line":13,"column":46},"end":{"line":13,"column":49}},{"start":{"line":13,"column":53},"end":{"line":13,"column":67}}],"line":13},"2":{"loc":{"start":{"line":58,"column":6},"end":{"line":60,"column":7}},"type":"if","locations":[{"start":{"line":58,"column":6},"end":{"line":60,"column":7}},{"start":{"line":58,"column":6},"end":{"line":60,"column":7}}],"line":58},"3":{"loc":{"start":{"line":65,"column":6},"end":{"line":68,"column":7}},"type":"if","locations":[{"start":{"line":65,"column":6},"end":{"line":68,"column":7}},{"start":{"line":65,"column":6},"end":{"line":68,"column":7}}],"line":65},"4":{"loc":{"start":{"line":65,"column":10},"end":{"line":65,"column":69}},"type":"binary-expr","locations":[{"start":{"line":65,"column":10},"end":{"line":65,"column":38}},{"start":{"line":65,"column":42},"end":{"line":65,"column":69}}],"line":65},"5":{"loc":{"start":{"line":77,"column":8},"end":{"line":80,"column":9}},"type":"if","locations":[{"start":{"line":77,"column":8},"end":{"line":80,"column":9}},{"start":{"line":77,"column":8},"end":{"line":80,"column":9}}],"line":77},"6":{"loc":{"start":{"line":102,"column":23},"end":{"line":102,"column":101}},"type":"cond-expr","locations":[{"start":{"line":102,"column":62},"end":{"line":102,"column":84}},{"start":{"line":102,"column":87},"end":{"line":102,"column":101}}],"line":102},"7":{"loc":{"start":{"line":109,"column":11},"end":{"line":109,"column":29}},"type":"binary-expr","locations":[{"start":{"line":109,"column":11},"end":{"line":109,"column":23}},{"start":{"line":109,"column":27},"end":{"line":109,"column":29}}],"line":109},"8":{"loc":{"start":{"line":144,"column":16},"end":{"line":144,"column":50}},"type":"binary-expr","locations":[{"start":{"line":144,"column":16},"end":{"line":144,"column":31}},{"start":{"line":144,"column":35},"end":{"line":144,"column":50}}],"line":144}},"s":{"0":1,"1":1,"2":1,"3":1,"4":1,"5":1,"6":1,"7":1,"8":1,"9":1,"10":1,"11":1,"12":0,"13":0,"14":0,"15":0,"16":0,"17":0,"18":0,"19":0,"20":0,"21":0,"22":0,"23":0,"24":0,"25":0,"26":0,"27":0,"28":0,"29":0,"30":0,"31":0,"32":0,"33":0,"34":0,"35":0,"36":0,"37":1,"38":1,"39":1,"40":1,"41":1,"42":1,"43":1},"f":{"0":1,"1":1,"2":1,"3":1,"4":1,"5":1,"6":0,"7":0,"8":0,"9":0,"10":0,"11":0,"12":1},"b":{"0":[0,1],"1":[1,1],"2":[0,0],"3":[0,0],"4":[0,0],"5":[0,0],"6":[0,1],"7":[1,0],"8":[1,1]},"_coverageSchema":"332fd63041d2c1bcb487cc26dd0d5f7d97098a6c","hash":"8e02a8c7cab9b4fad98df8689eb5f1335cc53dbf"}
,"C:\\Work\\Training\\Vue.js\\Vuejs2andBootstrap4WebDevelopment\\Jpp\\profitoro-nuxt\\components\\timer\\SvgCircleSector.vue": {"path":"C:\\Work\\Training\\Vue.js\\Vuejs2andBootstrap4WebDevelopment\\Jpp\\profitoro-nuxt\\components\\timer\\SvgCircleSector.vue","statementMap":{"0":{"start":{"line":3,"column":0},"end":{"line":5,"column":3}},"1":{"start":{"line":13,"column":10},"end":{"line":13,"column":16}},"2":{"start":{"line":14,"column":10},"end":{"line":14,"column":16}},"3":{"start":{"line":16,"column":2},"end":{"line":22,"column":3}},"4":{"start":{"line":17,"column":4},"end":{"line":17,"column":52}},"5":{"start":{"line":18,"column":4},"end":{"line":18,"column":52}},"6":{"start":{"line":20,"column":4},"end":{"line":20,"column":52}},"7":{"start":{"line":21,"column":4},"end":{"line":21,"column":52}},"8":{"start":{"line":24,"column":2},"end":{"line":26,"column":4}},"9":{"start":{"line":34,"column":10},"end":{"line":34,"column":16}},"10":{"start":{"line":36,"column":22},"end":{"line":36,"column":41}},"11":{"start":{"line":37,"column":10},"end":{"line":37,"column":25}},"12":{"start":{"line":38,"column":10},"end":{"line":38,"column":25}},"13":{"start":{"line":40,"column":2},"end":{"line":44,"column":3}},"14":{"start":{"line":41,"column":4},"end":{"line":41,"column":65}},"15":{"start":{"line":43,"column":4},"end":{"line":43,"column":90}},"16":{"start":{"line":45,"column":2},"end":{"line":45,"column":11}},"17":{"start":{"line":47,"column":0},"end":{"line":54,"column":2}},"18":{"start":{"line":51,"column":6},"end":{"line":51,"column":34}},"19":{"start":{"line":56,"column":23},"end":{"line":56,"column":101}},"20":{"start":{"line":58,"column":0},"end":{"line":102,"column":2}},"21":{"start":{"line":59,"column":12},"end":{"line":59,"column":16}},"22":{"start":{"line":61,"column":11},"end":{"line":61,"column":29}},"23":{"start":{"line":63,"column":11},"end":{"line":63,"column":29}},"24":{"start":{"line":65,"column":2},"end":{"line":101,"column":81}},"25":{"start":{"line":104,"column":0},"end":{"line":104,"column":38}}},"fnMap":{"0":{"name":"calcEndPoint","decl":{"start":{"line":12,"column":9},"end":{"line":12,"column":21}},"loc":{"start":{"line":12,"column":29},"end":{"line":27,"column":1}},"line":12},"1":{"name":"calcPath","decl":{"start":{"line":33,"column":9},"end":{"line":33,"column":17}},"loc":{"start":{"line":33,"column":25},"end":{"line":46,"column":1}},"line":33},"2":{"name":"path","decl":{"start":{"line":50,"column":19},"end":{"line":50,"column":23}},"loc":{"start":{"line":50,"column":26},"end":{"line":52,"column":5}},"line":50},"3":{"name":"render","decl":{"start":{"line":58,"column":35},"end":{"line":58,"column":41}},"loc":{"start":{"line":58,"column":44},"end":{"line":102,"column":1}},"line":58}},"branchMap":{"0":{"loc":{"start":{"line":16,"column":2},"end":{"line":22,"column":3}},"type":"if","locations":[{"start":{"line":16,"column":2},"end":{"line":22,"column":3}},{"start":{"line":16,"column":2},"end":{"line":22,"column":3}}],"line":16},"1":{"loc":{"start":{"line":40,"column":2},"end":{"line":44,"column":3}},"type":"if","locations":[{"start":{"line":40,"column":2},"end":{"line":44,"column":3}},{"start":{"line":40,"column":2},"end":{"line":44,"column":3}}],"line":40},"2":{"loc":{"start":{"line":56,"column":23},"end":{"line":56,"column":101}},"type":"cond-expr","locations":[{"start":{"line":56,"column":62},"end":{"line":56,"column":84}},{"start":{"line":56,"column":87},"end":{"line":56,"column":101}}],"line":56},"3":{"loc":{"start":{"line":63,"column":11},"end":{"line":63,"column":29}},"type":"binary-expr","locations":[{"start":{"line":63,"column":11},"end":{"line":63,"column":23}},{"start":{"line":63,"column":27},"end":{"line":63,"column":29}}],"line":63},"4":{"loc":{"start":{"line":95,"column":51},"end":{"line":101,"column":71}},"type":"cond-expr","locations":[{"start":{"line":95,"column":68},"end":{"line":101,"column":60}},{"start":{"line":101,"column":63},"end":{"line":101,"column":71}}],"line":95}},"s":{"0":1,"1":1,"2":1,"3":1,"4":1,"5":1,"6":0,"7":0,"8":1,"9":1,"10":1,"11":1,"12":1,"13":1,"14":1,"15":0,"16":1,"17":1,"18":1,"19":1,"20":1,"21":1,"22":1,"23":1,"24":1,"25":1},"f":{"0":1,"1":1,"2":1,"3":1},"b":{"0":[1,0],"1":[1,0],"2":[0,1],"3":[1,0],"4":[1,0]},"_coverageSchema":"332fd63041d2c1bcb487cc26dd0d5f7d97098a6c","hash":"01a69902061d73375bb412100a29222c8091ec7d"}
,"C:\\Work\\Training\\Vue.js\\Vuejs2andBootstrap4WebDevelopment\\Jpp\\profitoro-nuxt\\components\\workouts\\NewWorkoutComponent.vue": {"path":"C:\\Work\\Training\\Vue.js\\Vuejs2andBootstrap4WebDevelopment\\Jpp\\profitoro-nuxt\\components\\workouts\\NewWorkoutComponent.vue","statementMap":{"0":{"start":{"line":3,"column":0},"end":{"line":5,"column":3}},"1":{"start":{"line":7,"column":15},"end":{"line":7,"column":256}},"2":{"start":{"line":7,"column":52},"end":{"line":7,"column":239}},"3":{"start":{"line":7,"column":110},"end":{"line":7,"column":122}},"4":{"start":{"line":7,"column":124},"end":{"line":7,"column":237}},"5":{"start":{"line":7,"column":150},"end":{"line":7,"column":235}},"6":{"start":{"line":7,"column":207},"end":{"line":7,"column":233}},"7":{"start":{"line":7,"column":240},"end":{"line":7,"column":254}},"8":{"start":{"line":9,"column":12},"end":{"line":9,"column":27}},"9":{"start":{"line":11,"column":35},"end":{"line":11,"column":193}},"10":{"start":{"line":11,"column":61},"end":{"line":11,"column":145}},"11":{"start":{"line":11,"column":126},"end":{"line":11,"column":143}},"12":{"start":{"line":11,"column":146},"end":{"line":11,"column":158}},"13":{"start":{"line":11,"column":168},"end":{"line":11,"column":191}},"14":{"start":{"line":13,"column":0},"end":{"line":52,"column":2}},"15":{"start":{"line":15,"column":4},"end":{"line":19,"column":6}},"16":{"start":{"line":24,"column":6},"end":{"line":24,"column":59}},"17":{"start":{"line":27,"column":6},"end":{"line":27,"column":21}},"18":{"start":{"line":28,"column":6},"end":{"line":28,"column":28}},"19":{"start":{"line":29,"column":6},"end":{"line":29,"column":25}},"20":{"start":{"line":30,"column":6},"end":{"line":30,"column":40}},"21":{"start":{"line":33,"column":6},"end":{"line":33,"column":26}},"22":{"start":{"line":34,"column":6},"end":{"line":34,"column":27}},"23":{"start":{"line":35,"column":6},"end":{"line":35,"column":19}},"24":{"start":{"line":38,"column":18},"end":{"line":38,"column":22}},"25":{"start":{"line":40,"column":6},"end":{"line":40,"column":26}},"26":{"start":{"line":41,"column":6},"end":{"line":41,"column":27}},"27":{"start":{"line":42,"column":6},"end":{"line":49,"column":9}},"28":{"start":{"line":43,"column":8},"end":{"line":47,"column":11}},"29":{"start":{"line":48,"column":8},"end":{"line":48,"column":22}},"30":{"start":{"line":54,"column":23},"end":{"line":54,"column":101}},"31":{"start":{"line":56,"column":0},"end":{"line":155,"column":2}},"32":{"start":{"line":57,"column":12},"end":{"line":57,"column":16}},"33":{"start":{"line":59,"column":11},"end":{"line":59,"column":29}},"34":{"start":{"line":61,"column":11},"end":{"line":61,"column":29}},"35":{"start":{"line":63,"column":2},"end":{"line":154,"column":32}},"36":{"start":{"line":82,"column":8},"end":{"line":84,"column":9}},"37":{"start":{"line":83,"column":10},"end":{"line":83,"column":17}},"38":{"start":{"line":86,"column":8},"end":{"line":86,"column":39}},"39":{"start":{"line":106,"column":8},"end":{"line":108,"column":9}},"40":{"start":{"line":107,"column":10},"end":{"line":107,"column":17}},"41":{"start":{"line":110,"column":8},"end":{"line":110,"column":46}},"42":{"start":{"line":129,"column":8},"end":{"line":129,"column":45}},"43":{"start":{"line":157,"column":0},"end":{"line":157,"column":38}}},"fnMap":{"0":{"name":"(anonymous_0)","decl":{"start":{"line":7,"column":32},"end":{"line":7,"column":33}},"loc":{"start":{"line":7,"column":50},"end":{"line":7,"column":256}},"line":7},"1":{"name":"_toConsumableArray","decl":{"start":{"line":11,"column":9},"end":{"line":11,"column":27}},"loc":{"start":{"line":11,"column":33},"end":{"line":11,"column":195}},"line":11},"2":{"name":"data","decl":{"start":{"line":14,"column":17},"end":{"line":14,"column":21}},"loc":{"start":{"line":14,"column":24},"end":{"line":20,"column":3}},"line":14},"3":{"name":"filesChange","decl":{"start":{"line":23,"column":26},"end":{"line":23,"column":37}},"loc":{"start":{"line":23,"column":45},"end":{"line":25,"column":5}},"line":23},"4":{"name":"reset","decl":{"start":{"line":26,"column":20},"end":{"line":26,"column":25}},"loc":{"start":{"line":26,"column":28},"end":{"line":31,"column":5}},"line":26},"5":{"name":"onCancel","decl":{"start":{"line":32,"column":23},"end":{"line":32,"column":31}},"loc":{"start":{"line":32,"column":36},"end":{"line":36,"column":5}},"line":32},"6":{"name":"onCreateNew","decl":{"start":{"line":37,"column":26},"end":{"line":37,"column":37}},"loc":{"start":{"line":37,"column":42},"end":{"line":50,"column":5}},"line":37},"7":{"name":"(anonymous_7)","decl":{"start":{"line":42,"column":44},"end":{"line":42,"column":45}},"loc":{"start":{"line":42,"column":63},"end":{"line":49,"column":7}},"line":42},"8":{"name":"render","decl":{"start":{"line":56,"column":35},"end":{"line":56,"column":41}},"loc":{"start":{"line":56,"column":44},"end":{"line":155,"column":1}},"line":56},"9":{"name":"input","decl":{"start":{"line":81,"column":24},"end":{"line":81,"column":29}},"loc":{"start":{"line":81,"column":38},"end":{"line":87,"column":7}},"line":81},"10":{"name":"input","decl":{"start":{"line":105,"column":24},"end":{"line":105,"column":29}},"loc":{"start":{"line":105,"column":38},"end":{"line":111,"column":7}},"line":105},"11":{"name":"change","decl":{"start":{"line":128,"column":25},"end":{"line":128,"column":31}},"loc":{"start":{"line":128,"column":40},"end":{"line":130,"column":7}},"line":128}},"branchMap":{"0":{"loc":{"start":{"line":7,"column":15},"end":{"line":7,"column":256}},"type":"binary-expr","locations":[{"start":{"line":7,"column":15},"end":{"line":7,"column":28}},{"start":{"line":7,"column":32},"end":{"line":7,"column":256}}],"line":7},"1":{"loc":{"start":{"line":7,"column":150},"end":{"line":7,"column":235}},"type":"if","locations":[{"start":{"line":7,"column":150},"end":{"line":7,"column":235}},{"start":{"line":7,"column":150},"end":{"line":7,"column":235}}],"line":7},"2":{"loc":{"start":{"line":11,"column":35},"end":{"line":11,"column":193}},"type":"if","locations":[{"start":{"line":11,"column":35},"end":{"line":11,"column":193}},{"start":{"line":11,"column":35},"end":{"line":11,"column":193}}],"line":11},"3":{"loc":{"start":{"line":54,"column":23},"end":{"line":54,"column":101}},"type":"cond-expr","locations":[{"start":{"line":54,"column":62},"end":{"line":54,"column":84}},{"start":{"line":54,"column":87},"end":{"line":54,"column":101}}],"line":54},"4":{"loc":{"start":{"line":61,"column":11},"end":{"line":61,"column":29}},"type":"binary-expr","locations":[{"start":{"line":61,"column":11},"end":{"line":61,"column":23}},{"start":{"line":61,"column":27},"end":{"line":61,"column":29}}],"line":61},"5":{"loc":{"start":{"line":82,"column":8},"end":{"line":84,"column":9}},"type":"if","locations":[{"start":{"line":82,"column":8},"end":{"line":84,"column":9}},{"start":{"line":82,"column":8},"end":{"line":84,"column":9}}],"line":82},"6":{"loc":{"start":{"line":106,"column":8},"end":{"line":108,"column":9}},"type":"if","locations":[{"start":{"line":106,"column":8},"end":{"line":108,"column":9}},{"start":{"line":106,"column":8},"end":{"line":108,"column":9}}],"line":106}},"s":{"0":1,"1":1,"2":0,"3":0,"4":0,"5":0,"6":0,"7":0,"8":1,"9":0,"10":0,"11":0,"12":0,"13":0,"14":1,"15":1,"16":0,"17":0,"18":0,"19":0,"20":0,"21":0,"22":0,"23":0,"24":0,"25":0,"26":0,"27":0,"28":0,"29":0,"30":1,"31":1,"32":1,"33":1,"34":1,"35":1,"36":0,"37":0,"38":0,"39":0,"40":0,"41":0,"42":0,"43":1},"f":{"0":0,"1":0,"2":1,"3":0,"4":0,"5":0,"6":0,"7":0,"8":1,"9":0,"10":0,"11":0},"b":{"0":[1,0],"1":[0,0],"2":[0,0],"3":[0,1],"4":[1,0],"5":[0,0],"6":[0,0]},"_coverageSchema":"332fd63041d2c1bcb487cc26dd0d5f7d97098a6c","hash":"ed9f109002a8d6a49670d9f1a768d8938b4e6fde"}
,"C:\\Work\\Training\\Vue.js\\Vuejs2andBootstrap4WebDevelopment\\Jpp\\profitoro-nuxt\\components\\workouts\\WorkoutComponent.vue": {"path":"C:\\Work\\Training\\Vue.js\\Vuejs2andBootstrap4WebDevelopment\\Jpp\\profitoro-nuxt\\components\\workouts\\WorkoutComponent.vue","statementMap":{"0":{"start":{"line":3,"column":0},"end":{"line":5,"column":3}},"1":{"start":{"line":6,"column":0},"end":{"line":8,"column":2}},"2":{"start":{"line":10,"column":23},"end":{"line":10,"column":101}},"3":{"start":{"line":12,"column":0},"end":{"line":51,"column":2}},"4":{"start":{"line":13,"column":12},"end":{"line":13,"column":16}},"5":{"start":{"line":15,"column":11},"end":{"line":15,"column":29}},"6":{"start":{"line":17,"column":11},"end":{"line":17,"column":29}},"7":{"start":{"line":19,"column":2},"end":{"line":50,"column":105}},"8":{"start":{"line":53,"column":0},"end":{"line":72,"column":3}},"9":{"start":{"line":54,"column":12},"end":{"line":54,"column":16}},"10":{"start":{"line":56,"column":11},"end":{"line":56,"column":29}},"11":{"start":{"line":58,"column":11},"end":{"line":58,"column":29}},"12":{"start":{"line":60,"column":2},"end":{"line":71,"column":22}}},"fnMap":{"0":{"name":"render","decl":{"start":{"line":12,"column":35},"end":{"line":12,"column":41}},"loc":{"start":{"line":12,"column":44},"end":{"line":51,"column":1}},"line":12},"1":{"name":"render","decl":{"start":{"line":53,"column":45},"end":{"line":53,"column":51}},"loc":{"start":{"line":53,"column":54},"end":{"line":72,"column":1}},"line":53}},"branchMap":{"0":{"loc":{"start":{"line":10,"column":23},"end":{"line":10,"column":101}},"type":"cond-expr","locations":[{"start":{"line":10,"column":62},"end":{"line":10,"column":84}},{"start":{"line":10,"column":87},"end":{"line":10,"column":101}}],"line":10},"1":{"loc":{"start":{"line":17,"column":11},"end":{"line":17,"column":29}},"type":"binary-expr","locations":[{"start":{"line":17,"column":11},"end":{"line":17,"column":23}},{"start":{"line":17,"column":27},"end":{"line":17,"column":29}}],"line":17},"2":{"loc":{"start":{"line":45,"column":13},"end":{"line":45,"column":67}},"type":"binary-expr","locations":[{"start":{"line":45,"column":13},"end":{"line":45,"column":25}},{"start":{"line":45,"column":29},"end":{"line":45,"column":48}},{"start":{"line":45,"column":52},"end":{"line":45,"column":67}}],"line":45},"3":{"loc":{"start":{"line":58,"column":11},"end":{"line":58,"column":29}},"type":"binary-expr","locations":[{"start":{"line":58,"column":11},"end":{"line":58,"column":23}},{"start":{"line":58,"column":27},"end":{"line":58,"column":29}}],"line":58}},"s":{"0":1,"1":1,"2":1,"3":1,"4":1,"5":1,"6":1,"7":1,"8":1,"9":1,"10":1,"11":1,"12":1},"f":{"0":1,"1":1},"b":{"0":[0,1],"1":[1,0],"2":[1,1,0],"3":[1,0]},"_coverageSchema":"332fd63041d2c1bcb487cc26dd0d5f7d97098a6c","hash":"bd84da6d5be6a5f2232f578630f1abb06ac86817"}
,"C:\\Work\\Training\\Vue.js\\Vuejs2andBootstrap4WebDevelopment\\Jpp\\profitoro-nuxt\\components\\workouts\\WorkoutsComponent.vue": {"path":"C:\\Work\\Training\\Vue.js\\Vuejs2andBootstrap4WebDevelopment\\Jpp\\profitoro-nuxt\\components\\workouts\\WorkoutsComponent.vue","statementMap":{"0":{"start":{"line":3,"column":0},"end":{"line":5,"column":3}},"1":{"start":{"line":7,"column":15},"end":{"line":7,"column":256}},"2":{"start":{"line":7,"column":52},"end":{"line":7,"column":239}},"3":{"start":{"line":7,"column":110},"end":{"line":7,"column":122}},"4":{"start":{"line":7,"column":124},"end":{"line":7,"column":237}},"5":{"start":{"line":7,"column":150},"end":{"line":7,"column":235}},"6":{"start":{"line":7,"column":207},"end":{"line":7,"column":233}},"7":{"start":{"line":7,"column":240},"end":{"line":7,"column":254}},"8":{"start":{"line":9,"column":12},"end":{"line":9,"column":27}},"9":{"start":{"line":11,"column":24},"end":{"line":11,"column":73}},"10":{"start":{"line":13,"column":25},"end":{"line":13,"column":66}},"11":{"start":{"line":15,"column":14},"end":{"line":15,"column":31}},"12":{"start":{"line":17,"column":15},"end":{"line":17,"column":46}},"13":{"start":{"line":19,"column":39},"end":{"line":19,"column":93}},"14":{"start":{"line":21,"column":0},"end":{"line":60,"column":2}},"15":{"start":{"line":23,"column":4},"end":{"line":31,"column":6}},"16":{"start":{"line":36,"column":18},"end":{"line":36,"column":22}},"17":{"start":{"line":38,"column":6},"end":{"line":44,"column":9}},"18":{"start":{"line":39,"column":19},"end":{"line":39,"column":45}},"19":{"start":{"line":40,"column":26},"end":{"line":40,"column":59}},"20":{"start":{"line":41,"column":23},"end":{"line":41,"column":53}},"21":{"start":{"line":42,"column":19},"end":{"line":42,"column":49}},"22":{"start":{"line":43,"column":8},"end":{"line":43,"column":146}},"23":{"start":{"line":52,"column":6},"end":{"line":52,"column":31}},"24":{"start":{"line":53,"column":6},"end":{"line":53,"column":45}},"25":{"start":{"line":54,"column":6},"end":{"line":54,"column":39}},"26":{"start":{"line":55,"column":6},"end":{"line":55,"column":81}},"27":{"start":{"line":56,"column":6},"end":{"line":56,"column":31}},"28":{"start":{"line":57,"column":6},"end":{"line":57,"column":39}},"29":{"start":{"line":62,"column":23},"end":{"line":62,"column":101}},"30":{"start":{"line":64,"column":0},"end":{"line":133,"column":2}},"31":{"start":{"line":65,"column":12},"end":{"line":65,"column":16}},"32":{"start":{"line":67,"column":11},"end":{"line":67,"column":29}},"33":{"start":{"line":69,"column":11},"end":{"line":69,"column":29}},"34":{"start":{"line":71,"column":2},"end":{"line":132,"column":10}},"35":{"start":{"line":90,"column":8},"end":{"line":92,"column":9}},"36":{"start":{"line":91,"column":10},"end":{"line":91,"column":17}},"37":{"start":{"line":94,"column":8},"end":{"line":94,"column":45}},"38":{"start":{"line":100,"column":4},"end":{"line":122,"column":43}},"39":{"start":{"line":109,"column":10},"end":{"line":109,"column":39}},"40":{"start":{"line":135,"column":0},"end":{"line":135,"column":38}}},"fnMap":{"0":{"name":"(anonymous_0)","decl":{"start":{"line":7,"column":32},"end":{"line":7,"column":33}},"loc":{"start":{"line":7,"column":50},"end":{"line":7,"column":256}},"line":7},"1":{"name":"_interopRequireDefault","decl":{"start":{"line":19,"column":9},"end":{"line":19,"column":31}},"loc":{"start":{"line":19,"column":37},"end":{"line":19,"column":95}},"line":19},"2":{"name":"data","decl":{"start":{"line":22,"column":17},"end":{"line":22,"column":21}},"loc":{"start":{"line":22,"column":24},"end":{"line":32,"column":3}},"line":22},"3":{"name":"workoutsToDisplay","decl":{"start":{"line":35,"column":32},"end":{"line":35,"column":49}},"loc":{"start":{"line":35,"column":52},"end":{"line":45,"column":5}},"line":35},"4":{"name":"(anonymous_4)","decl":{"start":{"line":38,"column":34},"end":{"line":38,"column":35}},"loc":{"start":{"line":38,"column":53},"end":{"line":44,"column":7}},"line":38},"5":{"name":"onChosenWorkout","decl":{"start":{"line":51,"column":30},"end":{"line":51,"column":45}},"loc":{"start":{"line":51,"column":55},"end":{"line":58,"column":5}},"line":51},"6":{"name":"render","decl":{"start":{"line":64,"column":35},"end":{"line":64,"column":41}},"loc":{"start":{"line":64,"column":44},"end":{"line":133,"column":1}},"line":64},"7":{"name":"input","decl":{"start":{"line":89,"column":24},"end":{"line":89,"column":29}},"loc":{"start":{"line":89,"column":38},"end":{"line":95,"column":7}},"line":89},"8":{"name":"(anonymous_8)","decl":{"start":{"line":99,"column":35},"end":{"line":99,"column":36}},"loc":{"start":{"line":99,"column":61},"end":{"line":123,"column":3}},"line":99},"9":{"name":"click","decl":{"start":{"line":108,"column":26},"end":{"line":108,"column":31}},"loc":{"start":{"line":108,"column":40},"end":{"line":110,"column":9}},"line":108}},"branchMap":{"0":{"loc":{"start":{"line":7,"column":15},"end":{"line":7,"column":256}},"type":"binary-expr","locations":[{"start":{"line":7,"column":15},"end":{"line":7,"column":28}},{"start":{"line":7,"column":32},"end":{"line":7,"column":256}}],"line":7},"1":{"loc":{"start":{"line":7,"column":150},"end":{"line":7,"column":235}},"type":"if","locations":[{"start":{"line":7,"column":150},"end":{"line":7,"column":235}},{"start":{"line":7,"column":150},"end":{"line":7,"column":235}}],"line":7},"2":{"loc":{"start":{"line":19,"column":46},"end":{"line":19,"column":92}},"type":"cond-expr","locations":[{"start":{"line":19,"column":70},"end":{"line":19,"column":73}},{"start":{"line":19,"column":76},"end":{"line":19,"column":92}}],"line":19},"3":{"loc":{"start":{"line":19,"column":46},"end":{"line":19,"column":67}},"type":"binary-expr","locations":[{"start":{"line":19,"column":46},"end":{"line":19,"column":49}},{"start":{"line":19,"column":53},"end":{"line":19,"column":67}}],"line":19},"4":{"loc":{"start":{"line":43,"column":15},"end":{"line":43,"column":145}},"type":"binary-expr","locations":[{"start":{"line":43,"column":15},"end":{"line":43,"column":52}},{"start":{"line":43,"column":56},"end":{"line":43,"column":100}},{"start":{"line":43,"column":104},"end":{"line":43,"column":145}}],"line":43},"5":{"loc":{"start":{"line":62,"column":23},"end":{"line":62,"column":101}},"type":"cond-expr","locations":[{"start":{"line":62,"column":62},"end":{"line":62,"column":84}},{"start":{"line":62,"column":87},"end":{"line":62,"column":101}}],"line":62},"6":{"loc":{"start":{"line":69,"column":11},"end":{"line":69,"column":29}},"type":"binary-expr","locations":[{"start":{"line":69,"column":11},"end":{"line":69,"column":23}},{"start":{"line":69,"column":27},"end":{"line":69,"column":29}}],"line":69},"7":{"loc":{"start":{"line":90,"column":8},"end":{"line":92,"column":9}},"type":"if","locations":[{"start":{"line":90,"column":8},"end":{"line":92,"column":9}},{"start":{"line":90,"column":8},"end":{"line":92,"column":9}}],"line":90},"8":{"loc":{"start":{"line":115,"column":15},"end":{"line":115,"column":81}},"type":"binary-expr","locations":[{"start":{"line":115,"column":15},"end":{"line":115,"column":31}},{"start":{"line":115,"column":35},"end":{"line":115,"column":58}},{"start":{"line":115,"column":62},"end":{"line":115,"column":81}}],"line":115}},"s":{"0":1,"1":1,"2":0,"3":0,"4":0,"5":0,"6":0,"7":0,"8":1,"9":1,"10":1,"11":1,"12":1,"13":2,"14":1,"15":1,"16":1,"17":1,"18":0,"19":0,"20":0,"21":0,"22":0,"23":0,"24":0,"25":0,"26":0,"27":0,"28":0,"29":1,"30":1,"31":1,"32":1,"33":1,"34":1,"35":0,"36":0,"37":0,"38":0,"39":0,"40":1},"f":{"0":0,"1":2,"2":1,"3":1,"4":0,"5":0,"6":1,"7":0,"8":0,"9":0},"b":{"0":[1,0],"1":[0,0],"2":[0,2],"3":[2,2],"4":[0,0,0],"5":[0,1],"6":[1,0],"7":[0,0],"8":[0,0,0]},"_coverageSchema":"332fd63041d2c1bcb487cc26dd0d5f7d97098a6c","hash":"9bc8ab9e90cb69d196cc4628b64cf872355a0a91"}
,"C:\\Work\\Training\\Vue.js\\Vuejs2andBootstrap4WebDevelopment\\Jpp\\profitoro-nuxt\\components\\workouts\\index.js": {"path":"C:\\Work\\Training\\Vue.js\\Vuejs2andBootstrap4WebDevelopment\\Jpp\\profitoro-nuxt\\components\\workouts\\index.js","statementMap":{},"fnMap":{},"branchMap":{},"s":{},"f":{},"b":{},"_coverageSchema":"332fd63041d2c1bcb487cc26dd0d5f7d97098a6c","hash":"494d973c470eb7d3d942364aa6a25cf2f7b6e613"}
,"C:\\Work\\Training\\Vue.js\\Vuejs2andBootstrap4WebDevelopment\\Jpp\\profitoro-nuxt\\pages\\about.vue": {"path":"C:\\Work\\Training\\Vue.js\\Vuejs2andBootstrap4WebDevelopment\\Jpp\\profitoro-nuxt\\pages\\about.vue","statementMap":{"0":{"start":{"line":3,"column":0},"end":{"line":5,"column":3}},"1":{"start":{"line":7,"column":14},"end":{"line":7,"column":44}},"2":{"start":{"line":9,"column":0},"end":{"line":14,"column":2}},"3":{"start":{"line":16,"column":23},"end":{"line":16,"column":101}},"4":{"start":{"line":18,"column":0},"end":{"line":64,"column":2}},"5":{"start":{"line":19,"column":12},"end":{"line":19,"column":16}},"6":{"start":{"line":21,"column":11},"end":{"line":21,"column":29}},"7":{"start":{"line":23,"column":11},"end":{"line":23,"column":29}},"8":{"start":{"line":25,"column":2},"end":{"line":63,"column":190}},"9":{"start":{"line":66,"column":0},"end":{"line":138,"column":3}},"10":{"start":{"line":67,"column":12},"end":{"line":67,"column":16}},"11":{"start":{"line":69,"column":11},"end":{"line":69,"column":29}},"12":{"start":{"line":71,"column":11},"end":{"line":71,"column":29}},"13":{"start":{"line":73,"column":2},"end":{"line":77,"column":96}},"14":{"start":{"line":79,"column":12},"end":{"line":79,"column":16}},"15":{"start":{"line":81,"column":11},"end":{"line":81,"column":29}},"16":{"start":{"line":83,"column":11},"end":{"line":83,"column":29}},"17":{"start":{"line":85,"column":2},"end":{"line":89,"column":27}},"18":{"start":{"line":91,"column":12},"end":{"line":91,"column":16}},"19":{"start":{"line":93,"column":11},"end":{"line":93,"column":29}},"20":{"start":{"line":95,"column":11},"end":{"line":95,"column":29}},"21":{"start":{"line":97,"column":2},"end":{"line":101,"column":25}},"22":{"start":{"line":103,"column":12},"end":{"line":103,"column":16}},"23":{"start":{"line":105,"column":11},"end":{"line":105,"column":29}},"24":{"start":{"line":107,"column":11},"end":{"line":107,"column":29}},"25":{"start":{"line":109,"column":2},"end":{"line":113,"column":28}},"26":{"start":{"line":115,"column":12},"end":{"line":115,"column":16}},"27":{"start":{"line":117,"column":11},"end":{"line":117,"column":29}},"28":{"start":{"line":119,"column":11},"end":{"line":119,"column":29}},"29":{"start":{"line":121,"column":2},"end":{"line":125,"column":27}},"30":{"start":{"line":127,"column":12},"end":{"line":127,"column":16}},"31":{"start":{"line":129,"column":11},"end":{"line":129,"column":29}},"32":{"start":{"line":131,"column":11},"end":{"line":131,"column":29}},"33":{"start":{"line":133,"column":2},"end":{"line":137,"column":25}}},"fnMap":{"0":{"name":"render","decl":{"start":{"line":18,"column":35},"end":{"line":18,"column":41}},"loc":{"start":{"line":18,"column":44},"end":{"line":64,"column":1}},"line":18},"1":{"name":"render","decl":{"start":{"line":66,"column":45},"end":{"line":66,"column":51}},"loc":{"start":{"line":66,"column":54},"end":{"line":78,"column":1}},"line":66},"2":{"name":"render","decl":{"start":{"line":78,"column":12},"end":{"line":78,"column":18}},"loc":{"start":{"line":78,"column":21},"end":{"line":90,"column":1}},"line":78},"3":{"name":"render","decl":{"start":{"line":90,"column":12},"end":{"line":90,"column":18}},"loc":{"start":{"line":90,"column":21},"end":{"line":102,"column":1}},"line":90},"4":{"name":"render","decl":{"start":{"line":102,"column":12},"end":{"line":102,"column":18}},"loc":{"start":{"line":102,"column":21},"end":{"line":114,"column":1}},"line":102},"5":{"name":"render","decl":{"start":{"line":114,"column":12},"end":{"line":114,"column":18}},"loc":{"start":{"line":114,"column":21},"end":{"line":126,"column":1}},"line":114},"6":{"name":"render","decl":{"start":{"line":126,"column":12},"end":{"line":126,"column":18}},"loc":{"start":{"line":126,"column":21},"end":{"line":138,"column":1}},"line":126}},"branchMap":{"0":{"loc":{"start":{"line":16,"column":23},"end":{"line":16,"column":101}},"type":"cond-expr","locations":[{"start":{"line":16,"column":62},"end":{"line":16,"column":84}},{"start":{"line":16,"column":87},"end":{"line":16,"column":101}}],"line":16},"1":{"loc":{"start":{"line":23,"column":11},"end":{"line":23,"column":29}},"type":"binary-expr","locations":[{"start":{"line":23,"column":11},"end":{"line":23,"column":23}},{"start":{"line":23,"column":27},"end":{"line":23,"column":29}}],"line":23},"2":{"loc":{"start":{"line":71,"column":11},"end":{"line":71,"column":29}},"type":"binary-expr","locations":[{"start":{"line":71,"column":11},"end":{"line":71,"column":23}},{"start":{"line":71,"column":27},"end":{"line":71,"column":29}}],"line":71},"3":{"loc":{"start":{"line":83,"column":11},"end":{"line":83,"column":29}},"type":"binary-expr","locations":[{"start":{"line":83,"column":11},"end":{"line":83,"column":23}},{"start":{"line":83,"column":27},"end":{"line":83,"column":29}}],"line":83},"4":{"loc":{"start":{"line":95,"column":11},"end":{"line":95,"column":29}},"type":"binary-expr","locations":[{"start":{"line":95,"column":11},"end":{"line":95,"column":23}},{"start":{"line":95,"column":27},"end":{"line":95,"column":29}}],"line":95},"5":{"loc":{"start":{"line":107,"column":11},"end":{"line":107,"column":29}},"type":"binary-expr","locations":[{"start":{"line":107,"column":11},"end":{"line":107,"column":23}},{"start":{"line":107,"column":27},"end":{"line":107,"column":29}}],"line":107},"6":{"loc":{"start":{"line":119,"column":11},"end":{"line":119,"column":29}},"type":"binary-expr","locations":[{"start":{"line":119,"column":11},"end":{"line":119,"column":23}},{"start":{"line":119,"column":27},"end":{"line":119,"column":29}}],"line":119},"7":{"loc":{"start":{"line":131,"column":11},"end":{"line":131,"column":29}},"type":"binary-expr","locations":[{"start":{"line":131,"column":11},"end":{"line":131,"column":23}},{"start":{"line":131,"column":27},"end":{"line":131,"column":29}}],"line":131}},"s":{"0":1,"1":1,"2":1,"3":1,"4":1,"5":1,"6":1,"7":1,"8":1,"9":1,"10":1,"11":1,"12":1,"13":1,"14":1,"15":1,"16":1,"17":1,"18":1,"19":1,"20":1,"21":1,"22":1,"23":1,"24":1,"25":1,"26":1,"27":1,"28":1,"29":1,"30":1,"31":1,"32":1,"33":1},"f":{"0":1,"1":1,"2":1,"3":1,"4":1,"5":1,"6":1},"b":{"0":[0,1],"1":[1,0],"2":[1,0],"3":[1,0],"4":[1,0],"5":[1,0],"6":[1,0],"7":[1,0]},"_coverageSchema":"332fd63041d2c1bcb487cc26dd0d5f7d97098a6c","hash":"bb3d7e09b9346f22a5253ec068731a6e1b92f6e2"}
,"C:\\Work\\Training\\Vue.js\\Vuejs2andBootstrap4WebDevelopment\\Jpp\\profitoro-nuxt\\pages\\index.vue": {"path":"C:\\Work\\Training\\Vue.js\\Vuejs2andBootstrap4WebDevelopment\\Jpp\\profitoro-nuxt\\pages\\index.vue","statementMap":{"0":{"start":{"line":3,"column":0},"end":{"line":5,"column":3}},"1":{"start":{"line":7,"column":15},"end":{"line":7,"column":256}},"2":{"start":{"line":7,"column":52},"end":{"line":7,"column":239}},"3":{"start":{"line":7,"column":110},"end":{"line":7,"column":122}},"4":{"start":{"line":7,"column":124},"end":{"line":7,"column":237}},"5":{"start":{"line":7,"column":150},"end":{"line":7,"column":235}},"6":{"start":{"line":7,"column":207},"end":{"line":7,"column":233}},"7":{"start":{"line":7,"column":240},"end":{"line":7,"column":254}},"8":{"start":{"line":9,"column":13},"end":{"line":9,"column":37}},"9":{"start":{"line":11,"column":14},"end":{"line":11,"column":44}},"10":{"start":{"line":13,"column":16},"end":{"line":13,"column":43}},"11":{"start":{"line":15,"column":17},"end":{"line":15,"column":50}},"12":{"start":{"line":17,"column":12},"end":{"line":17,"column":27}},"13":{"start":{"line":19,"column":39},"end":{"line":19,"column":93}},"14":{"start":{"line":21,"column":0},"end":{"line":32,"column":2}},"15":{"start":{"line":26,"column":6},"end":{"line":26,"column":49}},"16":{"start":{"line":30,"column":4},"end":{"line":30,"column":20}},"17":{"start":{"line":34,"column":23},"end":{"line":34,"column":101}},"18":{"start":{"line":36,"column":0},"end":{"line":44,"column":2}},"19":{"start":{"line":37,"column":12},"end":{"line":37,"column":16}},"20":{"start":{"line":39,"column":11},"end":{"line":39,"column":29}},"21":{"start":{"line":41,"column":11},"end":{"line":41,"column":29}},"22":{"start":{"line":43,"column":2},"end":{"line":43,"column":133}},"23":{"start":{"line":46,"column":0},"end":{"line":46,"column":38}}},"fnMap":{"0":{"name":"(anonymous_0)","decl":{"start":{"line":7,"column":32},"end":{"line":7,"column":33}},"loc":{"start":{"line":7,"column":50},"end":{"line":7,"column":256}},"line":7},"1":{"name":"_interopRequireDefault","decl":{"start":{"line":19,"column":9},"end":{"line":19,"column":31}},"loc":{"start":{"line":19,"column":37},"end":{"line":19,"column":95}},"line":19},"2":{"name":"isAuthenticated","decl":{"start":{"line":25,"column":30},"end":{"line":25,"column":45}},"loc":{"start":{"line":25,"column":48},"end":{"line":27,"column":5}},"line":25},"3":{"name":"created","decl":{"start":{"line":29,"column":20},"end":{"line":29,"column":27}},"loc":{"start":{"line":29,"column":30},"end":{"line":31,"column":3}},"line":29},"4":{"name":"render","decl":{"start":{"line":36,"column":35},"end":{"line":36,"column":41}},"loc":{"start":{"line":36,"column":44},"end":{"line":44,"column":1}},"line":36}},"branchMap":{"0":{"loc":{"start":{"line":7,"column":15},"end":{"line":7,"column":256}},"type":"binary-expr","locations":[{"start":{"line":7,"column":15},"end":{"line":7,"column":28}},{"start":{"line":7,"column":32},"end":{"line":7,"column":256}}],"line":7},"1":{"loc":{"start":{"line":7,"column":150},"end":{"line":7,"column":235}},"type":"if","locations":[{"start":{"line":7,"column":150},"end":{"line":7,"column":235}},{"start":{"line":7,"column":150},"end":{"line":7,"column":235}}],"line":7},"2":{"loc":{"start":{"line":19,"column":46},"end":{"line":19,"column":92}},"type":"cond-expr","locations":[{"start":{"line":19,"column":70},"end":{"line":19,"column":73}},{"start":{"line":19,"column":76},"end":{"line":19,"column":92}}],"line":19},"3":{"loc":{"start":{"line":19,"column":46},"end":{"line":19,"column":67}},"type":"binary-expr","locations":[{"start":{"line":19,"column":46},"end":{"line":19,"column":49}},{"start":{"line":19,"column":53},"end":{"line":19,"column":67}}],"line":19},"4":{"loc":{"start":{"line":26,"column":13},"end":{"line":26,"column":48}},"type":"binary-expr","locations":[{"start":{"line":26,"column":13},"end":{"line":26,"column":22}},{"start":{"line":26,"column":26},"end":{"line":26,"column":48}}],"line":26},"5":{"loc":{"start":{"line":34,"column":23},"end":{"line":34,"column":101}},"type":"cond-expr","locations":[{"start":{"line":34,"column":62},"end":{"line":34,"column":84}},{"start":{"line":34,"column":87},"end":{"line":34,"column":101}}],"line":34},"6":{"loc":{"start":{"line":41,"column":11},"end":{"line":41,"column":29}},"type":"binary-expr","locations":[{"start":{"line":41,"column":11},"end":{"line":41,"column":23}},{"start":{"line":41,"column":27},"end":{"line":41,"column":29}}],"line":41},"7":{"loc":{"start":{"line":43,"column":20},"end":{"line":43,"column":67}},"type":"cond-expr","locations":[{"start":{"line":43,"column":42},"end":{"line":43,"column":56}},{"start":{"line":43,"column":59},"end":{"line":43,"column":67}}],"line":43},"8":{"loc":{"start":{"line":43,"column":82},"end":{"line":43,"column":127}},"type":"cond-expr","locations":[{"start":{"line":43,"column":105},"end":{"line":43,"column":116}},{"start":{"line":43,"column":119},"end":{"line":43,"column":127}}],"line":43}},"s":{"0":1,"1":1,"2":0,"3":0,"4":0,"5":0,"6":0,"7":0,"8":1,"9":1,"10":1,"11":1,"12":1,"13":2,"14":1,"15":1,"16":1,"17":1,"18":1,"19":1,"20":1,"21":1,"22":1,"23":1},"f":{"0":0,"1":2,"2":1,"3":1,"4":1},"b":{"0":[1,0],"1":[0,0],"2":[0,2],"3":[2,2],"4":[1,0],"5":[0,1],"6":[1,0],"7":[0,1],"8":[1,0]},"_coverageSchema":"332fd63041d2c1bcb487cc26dd0d5f7d97098a6c","hash":"d9fa7bcc88949ad5a60b2fd1fdb20437ff861e3b"}
[...]
C:\\Work\\Training\\Vue.js\\Vuejs2andBootstrap4WebDevelopment\\Jpp\\profitoro-nuxt\\store\\actions.js": {"path":"C:\\Work\\Training\\Vue.js\\Vuejs2andBootstrap4WebDevelopment\\Jpp\\profitoro-nuxt\\store\\actions.js","statementMap":{"0":{"start":{"line":12,"column":12},"end":{"line":12,"column":57}},"1":{"start":{"line":13,"column":2},"end":{"line":15,"column":4}},"2":{"start":{"line":14,"column":4},"end":{"line":14,"column":31}},"3":{"start":{"line":27,"column":4},"end":{"line":27,"column":52}},"4":{"start":{"line":36,"column":4},"end":{"line":38,"column":5}},"5":{"start":{"line":37,"column":6},"end":{"line":37,"column":12}},"6":{"start":{"line":39,"column":4},"end":{"line":39,"column":45}},"7":{"start":{"line":40,"column":4},"end":{"line":40,"column":32}},"8":{"start":{"line":41,"column":4},"end":{"line":41,"column":29}},"9":{"start":{"line":42,"column":4},"end":{"line":42,"column":20}},"10":{"start":{"line":44,"column":24},"end":{"line":44,"column":52}},"11":{"start":{"line":47,"column":18},"end":{"line":47,"column":20}},"12":{"start":{"line":48,"column":4},"end":{"line":48,"column":51}},"13":{"start":{"line":49,"column":4},"end":{"line":49,"column":79}},"14":{"start":{"line":51,"column":4},"end":{"line":51,"column":55}},"15":{"start":{"line":59,"column":4},"end":{"line":61,"column":5}},"16":{"start":{"line":60,"column":6},"end":{"line":60,"column":12}},"17":{"start":{"line":62,"column":4},"end":{"line":62,"column":49}},"18":{"start":{"line":63,"column":4},"end":{"line":67,"column":5}},"19":{"start":{"line":64,"column":6},"end":{"line":64,"column":47}},"20":{"start":{"line":66,"column":6},"end":{"line":66,"column":51}},"21":{"start":{"line":75,"column":4},"end":{"line":77,"column":5}},"22":{"start":{"line":76,"column":6},"end":{"line":76,"column":12}},"23":{"start":{"line":78,"column":4},"end":{"line":78,"column":39}},"24":{"start":{"line":79,"column":4},"end":{"line":83,"column":5}},"25":{"start":{"line":80,"column":6},"end":{"line":80,"column":42}},"26":{"start":{"line":82,"column":6},"end":{"line":82,"column":41}},"27":{"start":{"line":91,"column":4},"end":{"line":93,"column":5}},"28":{"start":{"line":92,"column":6},"end":{"line":92,"column":12}},"29":{"start":{"line":94,"column":4},"end":{"line":94,"column":37}},"30":{"start":{"line":95,"column":4},"end":{"line":99,"column":5}},"31":{"start":{"line":96,"column":6},"end":{"line":96,"column":41}},"32":{"start":{"line":98,"column":6},"end":{"line":98,"column":39}},"33":{"start":{"line":107,"column":4},"end":{"line":109,"column":5}},"34":{"start":{"line":108,"column":6},"end":{"line":108,"column":12}},"35":{"start":{"line":110,"column":4},"end":{"line":110,"column":45}},"36":{"start":{"line":111,"column":4},"end":{"line":115,"column":5}},"37":{"start":{"line":112,"column":6},"end":{"line":112,"column":50}},"38":{"start":{"line":114,"column":6},"end":{"line":114,"column":52}},"39":{"start":{"line":123,"column":4},"end":{"line":126,"column":8}},"40":{"start":{"line":125,"column":8},"end":{"line":125,"column":46}},"41":{"start":{"line":135,"column":4},"end":{"line":137,"column":6}},"42":{"start":{"line":138,"column":4},"end":{"line":138,"column":41}},"43":{"start":{"line":146,"column":4},"end":{"line":148,"column":6}},"44":{"start":{"line":156,"column":4},"end":{"line":160,"column":6}},"45":{"start":{"line":159,"column":6},"end":{"line":159,"column":24}},"46":{"start":{"line":168,"column":4},"end":{"line":168,"column":66}},"47":{"start":{"line":175,"column":4},"end":{"line":177,"column":6}},"48":{"start":{"line":176,"column":6},"end":{"line":176,"column":44}},"49":{"start":{"line":184,"column":4},"end":{"line":184,"column":32}},"50":{"start":{"line":191,"column":4},"end":{"line":200,"column":6}},"51":{"start":{"line":192,"column":6},"end":{"line":192,"column":29}},"52":{"start":{"line":193,"column":6},"end":{"line":196,"column":7}},"53":{"start":{"line":194,"column":8},"end":{"line":194,"column":50}},"54":{"start":{"line":195,"column":8},"end":{"line":195,"column":48}},"55":{"start":{"line":197,"column":6},"end":{"line":199,"column":7}},"56":{"start":{"line":198,"column":8},"end":{"line":198,"column":44}},"57":{"start":{"line":207,"column":13},"end":{"line":207,"column":35}},"58":{"start":{"line":208,"column":20},"end":{"line":208,"column":56}},"59":{"start":{"line":209,"column":24},"end":{"line":209,"column":57}},"60":{"start":{"line":210,"column":22},"end":{"line":210,"column":41}},"61":{"start":{"line":211,"column":4},"end":{"line":213,"column":6}},"62":{"start":{"line":212,"column":6},"end":{"line":212,"column":39}},"63":{"start":{"line":214,"column":4},"end":{"line":216,"column":6}},"64":{"start":{"line":215,"column":6},"end":{"line":215,"column":47}},"65":{"start":{"line":217,"column":4},"end":{"line":219,"column":6}},"66":{"start":{"line":218,"column":6},"end":{"line":218,"column":43}},"67":{"start":{"line":227,"column":4},"end":{"line":232,"column":6}},"68":{"start":{"line":228,"column":6},"end":{"line":230,"column":7}},"69":{"start":{"line":229,"column":8},"end":{"line":229,"column":36}},"70":{"start":{"line":231,"column":6},"end":{"line":231,"column":40}},"71":{"start":{"line":238,"column":4},"end":{"line":238,"column":32}},"72":{"start":{"line":239,"column":4},"end":{"line":239,"column":36}},"73":{"start":{"line":240,"column":4},"end":{"line":240,"column":34}},"74":{"start":{"line":241,"column":4},"end":{"line":247,"column":5}},"75":{"start":{"line":242,"column":6},"end":{"line":242,"column":33}},"76":{"start":{"line":243,"column":6},"end":{"line":243,"column":37}},"77":{"start":{"line":244,"column":6},"end":{"line":244,"column":35}},"78":{"start":{"line":246,"column":6},"end":{"line":246,"column":44}}},"fnMap":{"0":{"name":"_uploadImage","decl":{"start":{"line":11,"column":9},"end":{"line":11,"column":21}},"loc":{"start":{"line":11,"column":29},"end":{"line":16,"column":1}},"line":11},"1":{"name":"(anonymous_1)","decl":{"start":{"line":13,"column":61},"end":{"line":13,"column":62}},"loc":{"start":{"line":13,"column":73},"end":{"line":15,"column":3}},"line":13},"2":{"name":"(anonymous_2)","decl":{"start":{"line":124,"column":13},"end":{"line":124,"column":14}},"loc":{"start":{"line":124,"column":22},"end":{"line":126,"column":7}},"line":124},"3":{"name":"(anonymous_3)","decl":{"start":{"line":156,"column":39},"end":{"line":156,"column":40}},"loc":{"start":{"line":156,"column":45},"end":{"line":158,"column":5}},"line":156},"4":{"name":"(anonymous_4)","decl":{"start":{"line":158,"column":7},"end":{"line":158,"column":8}},"loc":{"start":{"line":158,"column":16},"end":{"line":160,"column":5}},"line":158},"5":{"name":"(anonymous_5)","decl":{"start":{"line":175,"column":49},"end":{"line":175,"column":50}},"loc":{"start":{"line":175,"column":58},"end":{"line":177,"column":5}},"line":175},"6":{"name":"(anonymous_6)","decl":{"start":{"line":191,"column":42},"end":{"line":191,"column":43}},"loc":{"start":{"line":191,"column":50},"end":{"line":200,"column":5}},"line":191},"7":{"name":"(anonymous_7)","decl":{"start":{"line":206,"column":41},"end":{"line":206,"column":42}},"loc":{"start":{"line":206,"column":78},"end":{"line":220,"column":3}},"line":206},"8":{"name":"(anonymous_8)","decl":{"start":{"line":211,"column":85},"end":{"line":211,"column":86}},"loc":{"start":{"line":211,"column":91},"end":{"line":213,"column":5}},"line":211},"9":{"name":"(anonymous_9)","decl":{"start":{"line":214,"column":93},"end":{"line":214,"column":94}},"loc":{"start":{"line":214,"column":99},"end":{"line":216,"column":5}},"line":214},"10":{"name":"(anonymous_10)","decl":{"start":{"line":217,"column":89},"end":{"line":217,"column":90}},"loc":{"start":{"line":217,"column":95},"end":{"line":219,"column":5}},"line":217},"11":{"name":"(anonymous_11)","decl":{"start":{"line":226,"column":40},"end":{"line":226,"column":41}},"loc":{"start":{"line":226,"column":91},"end":{"line":233,"column":3}},"line":226},"12":{"name":"(anonymous_12)","decl":{"start":{"line":227,"column":40},"end":{"line":227,"column":41}},"loc":{"start":{"line":227,"column":52},"end":{"line":232,"column":5}},"line":227},"13":{"name":"(anonymous_13)","decl":{"start":{"line":237,"column":43},"end":{"line":237,"column":44}},"loc":{"start":{"line":237,"column":76},"end":{"line":248,"column":3}},"line":237}},"branchMap":{"0":{"loc":{"start":{"line":36,"column":4},"end":{"line":38,"column":5}},"type":"if","locations":[{"start":{"line":36,"column":4},"end":{"line":38,"column":5}},{"start":{"line":36,"column":4},"end":{"line":38,"column":5}}],"line":36},"1":{"loc":{"start":{"line":59,"column":4},"end":{"line":61,"column":5}},"type":"if","locations":[{"start":{"line":59,"column":4},"end":{"line":61,"column":5}},{"start":{"line":59,"column":4},"end":{"line":61,"column":5}}],"line":59},"2":{"loc":{"start":{"line":63,"column":4},"end":{"line":67,"column":5}},"type":"if","locations":[{"start":{"line":63,"column":4},"end":{"line":67,"column":5}},{"start":{"line":63,"column":4},"end":{"line":67,"column":5}}],"line":63},"3":{"loc":{"start":{"line":75,"column":4},"end":{"line":77,"column":5}},"type":"if","locations":[{"start":{"line":75,"column":4},"end":{"line":77,"column":5}},{"start":{"line":75,"column":4},"end":{"line":77,"column":5}}],"line":75},"4":{"loc":{"start":{"line":79,"column":4},"end":{"line":83,"column":5}},"type":"if","locations":[{"start":{"line":79,"column":4},"end":{"line":83,"column":5}},{"start":{"line":79,"column":4},"end":{"line":83,"column":5}}],"line":79},"5":{"loc":{"start":{"line":91,"column":4},"end":{"line":93,"column":5}},"type":"if","locations":[{"start":{"line":91,"column":4},"end":{"line":93,"column":5}},{"start":{"line":91,"column":4},"end":{"line":93,"column":5}}],"line":91},"6":{"loc":{"start":{"line":95,"column":4},"end":{"line":99,"column":5}},"type":"if","locations":[{"start":{"line":95,"column":4},"end":{"line":99,"column":5}},{"start":{"line":95,"column":4},"end":{"line":99,"column":5}}],"line":95},"7":{"loc":{"start":{"line":107,"column":4},"end":{"line":109,"column":5}},"type":"if","locations":[{"start":{"line":107,"column":4},"end":{"line":109,"column":5}},{"start":{"line":107,"column":4},"end":{"line":109,"column":5}}],"line":107},"8":{"loc":{"start":{"line":111,"column":4},"end":{"line":115,"column":5}},"type":"if","locations":[{"start":{"line":111,"column":4},"end":{"line":115,"column":5}},{"start":{"line":111,"column":4},"end":{"line":115,"column":5}}],"line":111},"9":{"loc":{"start":{"line":193,"column":6},"end":{"line":196,"column":7}},"type":"if","locations":[{"start":{"line":193,"column":6},"end":{"line":196,"column":7}},{"start":{"line":193,"column":6},"end":{"line":196,"column":7}}],"line":193},"10":{"loc":{"start":{"line":193,"column":10},"end":{"line":193,"column":35}},"type":"binary-expr","locations":[{"start":{"line":193,"column":10},"end":{"line":193,"column":14}},{"start":{"line":193,"column":18},"end":{"line":193,"column":35}}],"line":193},"11":{"loc":{"start":{"line":197,"column":6},"end":{"line":199,"column":7}},"type":"if","locations":[{"start":{"line":197,"column":6},"end":{"line":199,"column":7}},{"start":{"line":197,"column":6},"end":{"line":199,"column":7}}],"line":197},"12":{"loc":{"start":{"line":228,"column":6},"end":{"line":230,"column":7}},"type":"if","locations":[{"start":{"line":228,"column":6},"end":{"line":230,"column":7}},{"start":{"line":228,"column":6},"end":{"line":230,"column":7}}],"line":228}},"s":{"0":0,"1":0,"2":0,"3":1,"4":1,"5":0,"6":1,"7":1,"8":1,"9":1,"10":1,"11":1,"12":1,"13":1,"14":1,"15":0,"16":0,"17":0,"18":0,"19":0,"20":0,"21":0,"22":0,"23":0,"24":0,"25":0,"26":0,"27":0,"28":0,"29":0,"30":0,"31":0,"32":0,"33":0,"34":0,"35":0,"36":0,"37":0,"38":0,"39":0,"40":0,"41":0,"42":0,"43":0,"44":0,"45":0,"46":0,"47":0,"48":0,"49":1,"50":1,"51":0,"52":0,"53":0,"54":0,"55":0,"56":0,"57":0,"58":0,"59":0,"60":0,"61":0,"62":0,"63":0,"64":0,"65":0,"66":0,"67":0,"68":0,"69":0,"70":0,"71":0,"72":0,"73":0,"74":0,"75":0,"76":0,"77":0,"78":0},"f":{"0":0,"1":0,"2":0,"3":0,"4":0,"5":0,"6":0,"7":0,"8":0,"9":0,"10":0,"11":0,"12":0,"13":0},"b":{"0":[0,1],"1":[0,0],"2":[0,0],"3":[0,0],"4":[0,0],"5":[0,0],"6":[0,0],"7":[0,0],"8":[0,0],"9":[0,0],"10":[0,0],"11":[0,0],"12":[0,0]},"_coverageSchema":"332fd63041d2c1bcb487cc26dd0d5f7d97098a6c","hash":"a26b3b80a401a1398b607b1a2b5b4a2a2d4d762c"}
,"C:\\Work\\Training\\Vue.js\\Vuejs2andBootstrap4WebDevelopment\\Jpp\\profitoro-nuxt\\store\\getters.js": {"path":"C:\\Work\\Training\\Vue.js\\Vuejs2andBootstrap4WebDevelopment\\Jpp\\profitoro-nuxt\\store\\getters.js","statementMap":{"0":{"start":{"line":2,"column":22},"end":{"line":2,"column":34}},"1":{"start":{"line":3,"column":20},"end":{"line":3,"column":30}},"2":{"start":{"line":4,"column":27},"end":{"line":4,"column":44}},"3":{"start":{"line":5,"column":30},"end":{"line":5,"column":61}},"4":{"start":{"line":6,"column":28},"end":{"line":6,"column":65}},"5":{"start":{"line":7,"column":24},"end":{"line":7,"column":38}}},"fnMap":{"0":{"name":"(anonymous_0)","decl":{"start":{"line":2,"column":13},"end":{"line":2,"column":14}},"loc":{"start":{"line":2,"column":22},"end":{"line":2,"column":34}},"line":2},"1":{"name":"(anonymous_1)","decl":{"start":{"line":3,"column":11},"end":{"line":3,"column":12}},"loc":{"start":{"line":3,"column":20},"end":{"line":3,"column":30}},"line":3},"2":{"name":"(anonymous_2)","decl":{"start":{"line":4,"column":18},"end":{"line":4,"column":19}},"loc":{"start":{"line":4,"column":27},"end":{"line":4,"column":44}},"line":4},"3":{"name":"(anonymous_3)","decl":{"start":{"line":5,"column":21},"end":{"line":5,"column":22}},"loc":{"start":{"line":5,"column":30},"end":{"line":5,"column":61}},"line":5},"4":{"name":"(anonymous_4)","decl":{"start":{"line":6,"column":19},"end":{"line":6,"column":20}},"loc":{"start":{"line":6,"column":28},"end":{"line":6,"column":65}},"line":6},"5":{"name":"(anonymous_5)","decl":{"start":{"line":7,"column":15},"end":{"line":7,"column":16}},"loc":{"start":{"line":7,"column":24},"end":{"line":7,"column":38}},"line":7}},"branchMap":{"0":{"loc":{"start":{"line":6,"column":28},"end":{"line":6,"column":65}},"type":"binary-expr","locations":[{"start":{"line":6,"column":28},"end":{"line":6,"column":38}},{"start":{"line":6,"column":42},"end":{"line":6,"column":65}}],"line":6}},"s":{"0":0,"1":0,"2":0,"3":0,"4":1,"5":0},"f":{"0":0,"1":0,"2":0,"3":0,"4":1,"5":0},"b":{"0":[1,0]},"_coverageSchema":"332fd63041d2c1bcb487cc26dd0d5f7d97098a6c","hash":"bfef5a7ca408fd9a32f7f65a0d7a72d09532f0bc"}
,"C:\\Work\\Training\\Vue.js\\Vuejs2andBootstrap4WebDevelopment\\Jpp\\profitoro-nuxt\\store\\index.js": {"path":"C:\\Work\\Training\\Vue.js\\Vuejs2andBootstrap4WebDevelopment\\Jpp\\profitoro-nuxt\\store\\index.js","statementMap":{"0":{"start":{"line":8,"column":0},"end":{"line":8,"column":13}},"1":{"start":{"line":10,"column":21},"end":{"line":18,"column":2}}},"fnMap":{"0":{"name":"(anonymous_0)","decl":{"start":{"line":10,"column":15},"end":{"line":10,"column":16}},"loc":{"start":{"line":10,"column":21},"end":{"line":18,"column":2}},"line":10}},"branchMap":{},"s":{"0":2,"1":8},"f":{"0":8},"b":{},"_coverageSchema":"332fd63041d2c1bcb487cc26dd0d5f7d97098a6c","hash":"21264c41a34c066a8655f02c44caf6a1a045d4c9"}
,"C:\\Work\\Training\\Vue.js\\Vuejs2andBootstrap4WebDevelopment\\Jpp\\profitoro-nuxt\\store\\mutations.js": {"path":"C:\\Work\\Training\\Vue.js\\Vuejs2andBootstrap4WebDevelopment\\Jpp\\profitoro-nuxt\\store\\mutations.js","statementMap":{"0":{"start":{"line":3,"column":4},"end":{"line":3,"column":50}},"1":{"start":{"line":6,"column":4},"end":{"line":6,"column":40}},"2":{"start":{"line":9,"column":4},"end":{"line":9,"column":38}},"3":{"start":{"line":12,"column":4},"end":{"line":12,"column":52}},"4":{"start":{"line":15,"column":4},"end":{"line":15,"column":22}},"5":{"start":{"line":18,"column":4},"end":{"line":18,"column":27}},"6":{"start":{"line":21,"column":4},"end":{"line":21,"column":31}},"7":{"start":{"line":24,"column":4},"end":{"line":24,"column":29}},"8":{"start":{"line":27,"column":4},"end":{"line":27,"column":29}}},"fnMap":{},"branchMap":{},"s":{"0":1,"1":1,"2":1,"3":1,"4":1,"5":1,"6":1,"7":1,"8":1},"f":{},"b":{},"_coverageSchema":"332fd63041d2c1bcb487cc26dd0d5f7d97098a6c","hash":"9cae2d78dabc512bfc2ce87bb9c26d683a533385"}
,"C:\\Work\\Training\\Vue.js\\Vuejs2andBootstrap4WebDevelopment\\Jpp\\profitoro-nuxt\\store\\state.js": {"path":"C:\\Work\\Training\\Vue.js\\Vuejs2andBootstrap4WebDevelopment\\Jpp\\profitoro-nuxt\\store\\state.js","statementMap":{"0":{"start":{"line":1,"column":15},"end":{"line":6,"column":1}},"1":{"start":{"line":8,"column":13},"end":{"line":8,"column":17}},"2":{"start":{"line":9,"column":18},"end":{"line":9,"column":22}},"3":{"start":{"line":10,"column":22},"end":{"line":10,"column":26}},"4":{"start":{"line":11,"column":20},"end":{"line":11,"column":24}},"5":{"start":{"line":12,"column":20},"end":{"line":12,"column":22}},"6":{"start":{"line":14,"column":19},"end":{"line":23,"column":1}}},"fnMap":{},"branchMap":{},"s":{"0":2,"1":2,"2":2,"3":2,"4":2,"5":2,"6":2},"f":{},"b":{},"_coverageSchema":"332fd63041d2c1bcb487cc26dd0d5f7d97098a6c","hash":"842c66da40ae2bf70eb14aaf7287e5a219b4d0ac"}
,"C:\\Work\\Training\\Vue.js\\Vuejs2andBootstrap4WebDevelopment\\Jpp\\profitoro-nuxt\\test\\sum.js": {"path":"C:\\Work\\Training\\Vue.js\\Vuejs2andBootstrap4WebDevelopment\\Jpp\\profitoro-nuxt\\test\\sum.js","statementMap":{"0":{"start":{"line":2,"column":2},"end":{"line":2,"column":14}}},"fnMap":{"0":{"name":"sum","decl":{"start":{"line":1,"column":24},"end":{"line":1,"column":27}},"loc":{"start":{"line":1,"column":35},"end":{"line":3,"column":1}},"line":1}},"branchMap":{},"s":{"0":1},"f":{"0":1},"b":{},"_coverageSchema":"332fd63041d2c1bcb487cc26dd0d5f7d97098a6c","hash":"956d9350c6b3fb96304693aecdd9ec770b5ed977"}
,"C:\\Work\\Training\\Vue.js\\Vuejs2andBootstrap4WebDevelopment\\Jpp\\profitoro-nuxt\\utils\\utils.js": {"path":"C:\\Work\\Training\\Vue.js\\Vuejs2andBootstrap4WebDevelopment\\Jpp\\profitoro-nuxt\\utils\\utils.js","statementMap":{"0":{"start":{"line":6,"column":23},"end":{"line":12,"column":1}},"1":{"start":{"line":7,"column":2},"end":{"line":9,"column":3}},"2":{"start":{"line":8,"column":4},"end":{"line":8,"column":16}},"3":{"start":{"line":11,"column":2},"end":{"line":11,"column":20}},"4":{"start":{"line":19,"column":38},"end":{"line":25,"column":1}},"5":{"start":{"line":20,"column":17},"end":{"line":20,"column":21}},"6":{"start":{"line":21,"column":2},"end":{"line":23,"column":3}},"7":{"start":{"line":22,"column":4},"end":{"line":22,"column":12}},"8":{"start":{"line":24,"column":2},"end":{"line":24,"column":54}},"9":{"start":{"line":28,"column":20},"end":{"line":31,"column":1}},"10":{"start":{"line":29,"column":12},"end":{"line":29,"column":4111}},"11":{"start":{"line":30,"column":2},"end":{"line":30,"column":12}}},"fnMap":{"0":{"name":"(anonymous_0)","decl":{"start":{"line":6,"column":23},"end":{"line":6,"column":24}},"loc":{"start":{"line":6,"column":32},"end":{"line":12,"column":1}},"line":6},"1":{"name":"(anonymous_1)","decl":{"start":{"line":19,"column":38},"end":{"line":19,"column":39}},"loc":{"start":{"line":19,"column":51},"end":{"line":25,"column":1}},"line":19},"2":{"name":"(anonymous_2)","decl":{"start":{"line":28,"column":20},"end":{"line":28,"column":21}},"loc":{"start":{"line":28,"column":26},"end":{"line":31,"column":1}},"line":28}},"branchMap":{"0":{"loc":{"start":{"line":7,"column":2},"end":{"line":9,"column":3}},"type":"if","locations":[{"start":{"line":7,"column":2},"end":{"line":9,"column":3}},{"start":{"line":7,"column":2},"end":{"line":9,"column":3}}],"line":7},"1":{"loc":{"start":{"line":21,"column":2},"end":{"line":23,"column":3}},"type":"if","locations":[{"start":{"line":21,"column":2},"end":{"line":23,"column":3}},{"start":{"line":21,"column":2},"end":{"line":23,"column":3}}],"line":21}},"s":{"0":2,"1":4,"2":2,"3":2,"4":2,"5":2,"6":2,"7":1,"8":1,"9":2,"10":1,"11":1},"f":{"0":4,"1":2,"2":1},"b":{"0":[2,2],"1":[1,1]},"_coverageSchema":"332fd63041d2c1bcb487cc26dd0d5f7d97098a6c","hash":"887cddd3cd69213c70c7a329587eaca873e6841e"}
}
