TN:
SF:C:\Work\Training\Vue.js\Vuejs2andBootstrap4WebDevelopment\Jpp\profitoro-nuxt\components\common\FooterComponent.vue
FN:10,render
FN:20,render
FNF:2
FNH:2
FNDA:5,render
FNDA:5,render
DA:3,1
DA:6,1
DA:8,1
DA:10,1
DA:11,5
DA:13,5
DA:15,5
DA:17,5
DA:20,1
DA:21,5
DA:23,5
DA:25,5
DA:27,5
LF:13
LH:13
BRDA:8,0,0,0
BRDA:8,0,1,1
BRDA:15,1,0,5
BRDA:15,1,1,0
BRDA:25,2,0,5
BRDA:25,2,1,0
BRF:6
BRH:3
end_of_record
TN:
SF:C:\Work\Training\Vue.js\Vuejs2andBootstrap4WebDevelopment\Jpp\profitoro-nuxt\components\common\HeaderComponent.vue
FN:7,(anonymous_0)
FN:15,_interopRequireDefault
FN:21,onLogout
FN:33,render
FN:114,render
FNF:5
FNH:4
FNDA:0,(anonymous_0)
FNDA:2,_interopRequireDefault
FNDA:1,onLogout
FNDA:6,render
FNDA:6,render
DA:3,2
DA:7,2
DA:9,2
DA:11,2
DA:13,2
DA:15,2
DA:17,2
DA:22,1
DA:23,1
DA:31,2
DA:33,2
DA:34,6
DA:36,6
DA:38,6
DA:40,6
DA:114,2
DA:115,6
DA:117,6
DA:119,6
DA:121,6
LF:20
LH:20
BRDA:7,0,0,2
BRDA:7,0,1,0
BRDA:7,1,0,0
BRDA:7,1,1,0
BRDA:15,2,0,0
BRDA:15,2,1,2
BRDA:15,3,0,2
BRDA:15,3,1,2
BRDA:31,4,0,0
BRDA:31,4,1,2
BRDA:38,5,0,6
BRDA:38,5,1,0
BRDA:101,6,0,0
BRDA:101,6,1,6
BRDA:106,7,0,6
BRDA:106,7,1,0
BRDA:119,8,0,6
BRDA:119,8,1,0
BRF:18
BRH:9
end_of_record
TN:
SF:C:\Work\Training\Vue.js\Vuejs2andBootstrap4WebDevelopment\Jpp\profitoro-nuxt\components\common\Logo.vue
FN:7,data
FN:16,render
FNF:2
FNH:2
FNDA:6,data
FNDA:6,render
DA:3,2
DA:6,2
DA:8,6
DA:14,2
DA:16,2
DA:17,6
DA:19,6
DA:21,6
DA:23,6
DA:36,2
LF:10
LH:10
BRDA:14,0,0,0
BRDA:14,0,1,2
BRDA:21,1,0,6
BRDA:21,1,1,0
BRF:4
BRH:2
end_of_record
TN:
SF:C:\Work\Training\Vue.js\Vuejs2andBootstrap4WebDevelopment\Jpp\profitoro-nuxt\components\common\index.js
FNF:0
FNH:0
LF:0
LH:0
BRF:0
BRH:0
end_of_record
TN:
SF:C:\Work\Training\Vue.js\Vuejs2andBootstrap4WebDevelopment\Jpp\profitoro-nuxt\components\landing\Authentication.vue
FN:7,(anonymous_0)
FN:20,data
FN:29,titleText
FN:32,switchButtonText
FN:35,actionButtonText
FN:40,onSwitch
FN:43,onAction
FN:54,render
FN:83,input
FN:107,input
FNF:10
FNH:5
FNDA:0,(anonymous_0)
FNDA:2,data
FNDA:2,titleText
FNDA:2,switchButtonText
FNDA:2,actionButtonText
FNDA:0,onSwitch
FNDA:0,onAction
FNDA:2,render
FNDA:0,input
FNDA:0,input
DA:3,1
DA:7,1
DA:9,1
DA:11,1
DA:15,1
DA:19,1
DA:21,2
DA:30,2
DA:33,2
DA:36,2
DA:41,0
DA:44,0
DA:45,0
DA:46,0
DA:47,0
DA:52,1
DA:54,1
DA:55,2
DA:57,2
DA:59,2
DA:61,2
DA:84,0
DA:85,0
DA:88,0
DA:108,0
DA:109,0
DA:112,0
DA:147,1
LF:28
LH:17
BRDA:7,0,0,1
BRDA:7,0,1,0
BRDA:7,1,0,0
BRDA:7,1,1,0
BRDA:30,2,0,2
BRDA:30,2,1,0
BRDA:33,3,0,2
BRDA:33,3,1,0
BRDA:36,4,0,2
BRDA:36,4,1,0
BRDA:46,5,0,0
BRDA:46,5,1,0
BRDA:52,6,0,0
BRDA:52,6,1,1
BRDA:59,7,0,2
BRDA:59,7,1,0
BRDA:84,8,0,0
BRDA:84,8,1,0
BRDA:108,9,0,0
BRDA:108,9,1,0
BRF:20
BRH:6
end_of_record
TN:
SF:C:\Work\Training\Vue.js\Vuejs2andBootstrap4WebDevelopment\Jpp\profitoro-nuxt\components\landing\LogoText.vue
FN:10,render
FN:20,render
FNF:2
FNH:2
FNDA:2,render
FNDA:2,render
DA:3,1
DA:6,1
DA:8,1
DA:10,1
DA:11,2
DA:13,2
DA:15,2
DA:17,2
DA:20,1
DA:21,2
DA:23,2
DA:25,2
DA:27,2
LF:13
LH:13
BRDA:8,0,0,0
BRDA:8,0,1,1
BRDA:15,1,0,2
BRDA:15,1,1,0
BRDA:25,2,0,2
BRDA:25,2,1,0
BRF:6
BRH:3
end_of_record
TN:
SF:C:\Work\Training\Vue.js\Vuejs2andBootstrap4WebDevelopment\Jpp\profitoro-nuxt\components\landing\Tagline.vue
FN:10,render
FNF:1
FNH:1
FNDA:2,render
DA:3,1
DA:6,1
DA:8,1
DA:10,1
DA:11,2
DA:13,2
DA:15,2
DA:17,2
DA:22,1
LF:9
LH:9
BRDA:8,0,0,0
BRDA:8,0,1,1
BRDA:15,1,0,2
BRDA:15,1,1,0
BRF:4
BRH:2
end_of_record
TN:
SF:C:\Work\Training\Vue.js\Vuejs2andBootstrap4WebDevelopment\Jpp\profitoro-nuxt\components\landing\index.js
FNF:0
FNH:0
LF:0
LH:0
BRF:0
BRH:0
end_of_record
TN:
SF:C:\Work\Training\Vue.js\Vuejs2andBootstrap4WebDevelopment\Jpp\profitoro-nuxt\components\settings\AccountSettings.vue
FN:7,(anonymous_0)
FN:12,data
FN:22,created
FN:29,onChangeUserName
FN:32,onChangeUserEmail
FN:35,onChangeProfilePic
FN:38,onProfilePicChanged
FN:47,render
FN:91,input
FN:118,input
FN:145,input
FNF:11
FNH:3
FNDA:0,(anonymous_0)
FNDA:1,data
FNDA:1,created
FNDA:0,onChangeUserName
FNDA:0,onChangeUserEmail
FNDA:0,onChangeProfilePic
FNDA:0,onProfilePicChanged
FNDA:1,render
FNDA:0,input
FNDA:0,input
FNDA:0,input
DA:3,1
DA:7,1
DA:9,1
DA:11,1
DA:13,1
DA:23,1
DA:24,1
DA:25,1
DA:30,0
DA:33,0
DA:36,0
DA:39,0
DA:40,0
DA:45,1
DA:47,1
DA:48,1
DA:50,1
DA:52,1
DA:54,1
DA:92,0
DA:93,0
DA:96,0
DA:119,0
DA:120,0
DA:123,0
DA:146,0
DA:147,0
DA:150,0
DA:156,1
LF:29
LH:15
BRDA:7,0,0,1
BRDA:7,0,1,0
BRDA:7,1,0,0
BRDA:7,1,1,0
BRDA:25,2,0,0
BRDA:25,2,1,1
BRDA:45,3,0,0
BRDA:45,3,1,1
BRDA:52,4,0,1
BRDA:52,4,1,0
BRDA:92,5,0,0
BRDA:92,5,1,0
BRDA:119,6,0,0
BRDA:119,6,1,0
BRDA:146,7,0,0
BRDA:146,7,1,0
BRF:16
BRH:4
end_of_record
TN:
SF:C:\Work\Training\Vue.js\Vuejs2andBootstrap4WebDevelopment\Jpp\profitoro-nuxt\components\settings\PomodoroTimerSettings.vue
FN:7,(anonymous_0)
FN:19,_interopRequireDefault
FN:34,render
FNF:3
FNH:2
FNDA:0,(anonymous_0)
FNDA:2,_interopRequireDefault
FNDA:1,render
DA:3,1
DA:7,1
DA:9,1
DA:11,1
DA:13,1
DA:15,1
DA:17,1
DA:19,2
DA:21,1
DA:32,1
DA:34,1
DA:35,1
DA:37,1
DA:39,1
DA:41,1
DA:86,1
LF:16
LH:16
BRDA:7,0,0,1
BRDA:7,0,1,0
BRDA:7,1,0,0
BRDA:7,1,1,0
BRDA:19,2,0,0
BRDA:19,2,1,2
BRDA:19,3,0,2
BRDA:19,3,1,2
BRDA:32,4,0,0
BRDA:32,4,1,1
BRDA:39,5,0,1
BRDA:39,5,1,0
BRF:12
BRH:6
end_of_record
TN:
SF:C:\Work\Training\Vue.js\Vuejs2andBootstrap4WebDevelopment\Jpp\profitoro-nuxt\components\settings\SetTimer.vue
FN:9,onChange
FN:17,render
FNF:2
FNH:1
FNDA:0,onChange
FNDA:3,render
DA:3,1
DA:6,1
DA:10,0
DA:15,1
DA:17,1
DA:18,3
DA:20,3
DA:22,3
DA:24,3
DA:40,1
LF:10
LH:9
BRDA:15,0,0,0
BRDA:15,0,1,1
BRDA:22,1,0,3
BRDA:22,1,1,0
BRF:4
BRH:2
end_of_record
TN:
SF:C:\Work\Training\Vue.js\Vuejs2andBootstrap4WebDevelopment\Jpp\profitoro-nuxt\components\timer\CountDownTimer.vue
FN:13,_interopRequireDefault
FN:23,data
FN:38,minutes
FN:41,seconds
FN:44,angle
FN:47,text
FN:55,_reset
FN:62,start
FN:72,(anonymous_8)
FN:83,pause
FN:88,stop
FN:96,time
FN:104,render
FNF:13
FNH:7
FNDA:1,_interopRequireDefault
FNDA:1,data
FNDA:1,minutes
FNDA:1,seconds
FNDA:1,angle
FNDA:1,text
FNDA:0,_reset
FNDA:0,start
FNDA:0,(anonymous_8)
FNDA:0,pause
FNDA:0,stop
FNDA:0,time
FNDA:1,render
DA:3,1
DA:7,1
DA:9,1
DA:11,1
DA:13,1
DA:15,1
DA:21,1
DA:24,1
DA:39,1
DA:42,1
DA:45,1
DA:48,1
DA:56,0
DA:57,0
DA:58,0
DA:59,0
DA:63,0
DA:65,0
DA:66,0
DA:67,0
DA:69,0
DA:70,0
DA:71,0
DA:72,0
DA:74,0
DA:76,0
DA:77,0
DA:78,0
DA:79,0
DA:84,0
DA:85,0
DA:86,0
DA:89,0
DA:90,0
DA:91,0
DA:92,0
DA:97,0
DA:102,1
DA:104,1
DA:105,1
DA:107,1
DA:109,1
DA:111,1
DA:174,1
LF:44
LH:19
BRDA:13,0,0,0
BRDA:13,0,1,1
BRDA:13,1,0,1
BRDA:13,1,1,1
BRDA:58,2,0,0
BRDA:58,2,1,0
BRDA:65,3,0,0
BRDA:65,3,1,0
BRDA:65,4,0,0
BRDA:65,4,1,0
BRDA:77,5,0,0
BRDA:77,5,1,0
BRDA:102,6,0,0
BRDA:102,6,1,1
BRDA:109,7,0,1
BRDA:109,7,1,0
BRDA:144,8,0,1
BRDA:144,8,1,1
BRF:18
BRH:7
end_of_record
TN:
SF:C:\Work\Training\Vue.js\Vuejs2andBootstrap4WebDevelopment\Jpp\profitoro-nuxt\components\timer\SvgCircleSector.vue
FN:12,calcEndPoint
FN:33,calcPath
FN:50,path
FN:58,render
FNF:4
FNH:4
FNDA:1,calcEndPoint
FNDA:1,calcPath
FNDA:1,path
FNDA:1,render
DA:3,1
DA:13,1
DA:14,1
DA:16,1
DA:17,1
DA:18,1
DA:20,0
DA:21,0
DA:24,1
DA:34,1
DA:36,1
DA:37,1
DA:38,1
DA:40,1
DA:41,1
DA:43,0
DA:45,1
DA:47,1
DA:51,1
DA:56,1
DA:58,1
DA:59,1
DA:61,1
DA:63,1
DA:65,1
DA:104,1
LF:26
LH:23
BRDA:16,0,0,1
BRDA:16,0,1,0
BRDA:40,1,0,1
BRDA:40,1,1,0
BRDA:56,2,0,0
BRDA:56,2,1,1
BRDA:63,3,0,1
BRDA:63,3,1,0
BRDA:95,4,0,1
BRDA:95,4,1,0
BRF:10
BRH:5
end_of_record
TN:
SF:C:\Work\Training\Vue.js\Vuejs2andBootstrap4WebDevelopment\Jpp\profitoro-nuxt\components\workouts\NewWorkoutComponent.vue
FN:7,(anonymous_0)
FN:11,_toConsumableArray
FN:14,data
FN:23,filesChange
FN:26,reset
FN:32,onCancel
FN:37,onCreateNew
FN:42,(anonymous_7)
FN:56,render
FN:81,input
FN:105,input
FN:128,change
FNF:12
FNH:2
FNDA:0,(anonymous_0)
FNDA:0,_toConsumableArray
FNDA:1,data
FNDA:0,filesChange
FNDA:0,reset
FNDA:0,onCancel
FNDA:0,onCreateNew
FNDA:0,(anonymous_7)
FNDA:1,render
FNDA:0,input
FNDA:0,input
FNDA:0,change
DA:3,1
DA:7,1
DA:9,1
DA:11,0
DA:13,1
DA:15,1
DA:24,0
DA:27,0
DA:28,0
DA:29,0
DA:30,0
DA:33,0
DA:34,0
DA:35,0
DA:38,0
DA:40,0
DA:41,0
DA:42,0
DA:43,0
DA:48,0
DA:54,1
DA:56,1
DA:57,1
DA:59,1
DA:61,1
DA:63,1
DA:82,0
DA:83,0
DA:86,0
DA:106,0
DA:107,0
DA:110,0
DA:129,0
DA:157,1
LF:34
LH:12
BRDA:7,0,0,1
BRDA:7,0,1,0
BRDA:7,1,0,0
BRDA:7,1,1,0
BRDA:11,2,0,0
BRDA:11,2,1,0
BRDA:54,3,0,0
BRDA:54,3,1,1
BRDA:61,4,0,1
BRDA:61,4,1,0
BRDA:82,5,0,0
BRDA:82,5,1,0
BRDA:106,6,0,0
BRDA:106,6,1,0
BRF:14
BRH:3
end_of_record
TN:
SF:C:\Work\Training\Vue.js\Vuejs2andBootstrap4WebDevelopment\Jpp\profitoro-nuxt\components\workouts\WorkoutComponent.vue
FN:12,render
FN:53,render
FNF:2
FNH:2
FNDA:1,render
FNDA:1,render
DA:3,1
DA:6,1
DA:10,1
DA:12,1
DA:13,1
DA:15,1
DA:17,1
DA:19,1
DA:53,1
DA:54,1
DA:56,1
DA:58,1
DA:60,1
LF:13
LH:13
BRDA:10,0,0,0
BRDA:10,0,1,1
BRDA:17,1,0,1
BRDA:17,1,1,0
BRDA:45,2,0,1
BRDA:45,2,1,1
BRDA:45,2,2,0
BRDA:58,3,0,1
BRDA:58,3,1,0
BRF:9
BRH:5
end_of_record
TN:
SF:C:\Work\Training\Vue.js\Vuejs2andBootstrap4WebDevelopment\Jpp\profitoro-nuxt\components\workouts\WorkoutsComponent.vue
FN:7,(anonymous_0)
FN:19,_interopRequireDefault
FN:22,data
FN:35,workoutsToDisplay
FN:38,(anonymous_4)
FN:51,onChosenWorkout
FN:64,render
FN:89,input
FN:99,(anonymous_8)
FN:108,click
FNF:10
FNH:4
FNDA:0,(anonymous_0)
FNDA:2,_interopRequireDefault
FNDA:1,data
FNDA:1,workoutsToDisplay
FNDA:0,(anonymous_4)
FNDA:0,onChosenWorkout
FNDA:1,render
FNDA:0,input
FNDA:0,(anonymous_8)
FNDA:0,click
DA:3,1
DA:7,1
DA:9,1
DA:11,1
DA:13,1
DA:15,1
DA:17,1
DA:19,2
DA:21,1
DA:23,1
DA:36,1
DA:38,1
DA:39,0
DA:40,0
DA:41,0
DA:42,0
DA:43,0
DA:52,0
DA:53,0
DA:54,0
DA:55,0
DA:56,0
DA:57,0
DA:62,1
DA:64,1
DA:65,1
DA:67,1
DA:69,1
DA:71,1
DA:90,0
DA:91,0
DA:94,0
DA:100,0
DA:109,0
DA:135,1
LF:35
LH:19
BRDA:7,0,0,1
BRDA:7,0,1,0
BRDA:7,1,0,0
BRDA:7,1,1,0
BRDA:19,2,0,0
BRDA:19,2,1,2
BRDA:19,3,0,2
BRDA:19,3,1,2
BRDA:43,4,0,0
BRDA:43,4,1,0
BRDA:43,4,2,0
BRDA:62,5,0,0
BRDA:62,5,1,1
BRDA:69,6,0,1
BRDA:69,6,1,0
BRDA:90,7,0,0
BRDA:90,7,1,0
BRDA:115,8,0,0
BRDA:115,8,1,0
BRDA:115,8,2,0
BRF:20
BRH:6
end_of_record
TN:
SF:C:\Work\Training\Vue.js\Vuejs2andBootstrap4WebDevelopment\Jpp\profitoro-nuxt\components\workouts\index.js
FNF:0
FNH:0
LF:0
LH:0
BRF:0
BRH:0
end_of_record
TN:
SF:C:\Work\Training\Vue.js\Vuejs2andBootstrap4WebDevelopment\Jpp\profitoro-nuxt\pages\about.vue
FN:18,render
FN:66,render
FN:78,render
FN:90,render
FN:102,render
FN:114,render
FN:126,render
FNF:7
FNH:7
FNDA:1,render
FNDA:1,render
FNDA:1,render
FNDA:1,render
FNDA:1,render
FNDA:1,render
FNDA:1,render
DA:3,1
DA:7,1
DA:9,1
DA:16,1
DA:18,1
DA:19,1
DA:21,1
DA:23,1
DA:25,1
DA:66,1
DA:67,1
DA:69,1
DA:71,1
DA:73,1
DA:79,1
DA:81,1
DA:83,1
DA:85,1
DA:91,1
DA:93,1
DA:95,1
DA:97,1
DA:103,1
DA:105,1
DA:107,1
DA:109,1
DA:115,1
DA:117,1
DA:119,1
DA:121,1
DA:127,1
DA:129,1
DA:131,1
DA:133,1
LF:34
LH:34
BRDA:16,0,0,0
BRDA:16,0,1,1
BRDA:23,1,0,1
BRDA:23,1,1,0
BRDA:71,2,0,1
BRDA:71,2,1,0
BRDA:83,3,0,1
BRDA:83,3,1,0
BRDA:95,4,0,1
BRDA:95,4,1,0
BRDA:107,5,0,1
BRDA:107,5,1,0
BRDA:119,6,0,1
BRDA:119,6,1,0
BRDA:131,7,0,1
BRDA:131,7,1,0
BRF:16
BRH:8
end_of_record
TN:
SF:C:\Work\Training\Vue.js\Vuejs2andBootstrap4WebDevelopment\Jpp\profitoro-nuxt\pages\index.vue
FN:7,(anonymous_0)
FN:19,_interopRequireDefault
FN:25,isAuthenticated
FN:29,created
FN:36,render
FNF:5
FNH:4
FNDA:0,(anonymous_0)
FNDA:2,_interopRequireDefault
FNDA:1,isAuthenticated
FNDA:1,created
FNDA:1,render
DA:3,1
DA:7,1
DA:9,1
DA:11,1
DA:13,1
DA:15,1
DA:17,1
DA:19,2
DA:21,1
DA:26,1
DA:30,1
DA:34,1
DA:36,1
DA:37,1
DA:39,1
DA:41,1
DA:43,1
DA:46,1
LF:18
LH:18
BRDA:7,0,0,1
BRDA:7,0,1,0
BRDA:7,1,0,0
BRDA:7,1,1,0
BRDA:19,2,0,0
BRDA:19,2,1,2
BRDA:19,3,0,2
BRDA:19,3,1,2
BRDA:26,4,0,1
BRDA:26,4,1,0
BRDA:34,5,0,0
BRDA:34,5,1,1
BRDA:41,6,0,1
BRDA:41,6,1,0
BRDA:43,7,0,0
BRDA:43,7,1,1
BRDA:43,8,0,1
BRDA:43,8,1,0
BRF:18
BRH:9
end_of_record
TN:
SF:C:\Work\Training\Vue.js\Vuejs2andBootstrap4WebDevelopment\Jpp\profitoro-nuxt\pages\login.vue
FN:19,render
FNF:1
FNH:1
FNDA:2,render
DA:3,1
DA:7,1
DA:9,1
DA:17,1
DA:19,1
DA:20,2
DA:22,2
DA:24,2
DA:26,2
DA:35,1
LF:10
LH:10
BRDA:17,0,0,0
BRDA:17,0,1,1
BRDA:24,1,0,2
BRDA:24,1,1,0
BRF:4
BRH:2
end_of_record
TN:
SF:C:\Work\Training\Vue.js\Vuejs2andBootstrap4WebDevelopment\Jpp\profitoro-nuxt\pages\pomodoro.vue
FN:7,(anonymous_0)
FN:19,_interopRequireDefault
FN:27,data
FN:41,time
FN:68,getRandomWorkout
FN:71,togglePomodoro
FN:94,render
FNF:7
FNH:4
FNDA:0,(anonymous_0)
FNDA:1,_interopRequireDefault
FNDA:1,data
FNDA:1,time
FNDA:0,getRandomWorkout
FNDA:0,togglePomodoro
FNDA:1,render
DA:3,1
DA:7,1
DA:9,1
DA:11,1
DA:13,1
DA:15,1
DA:17,1
DA:19,1
DA:21,1
DA:26,1
DA:28,1
DA:42,1
DA:44,1
DA:46,1
DA:47,1
DA:49,0
DA:50,0
DA:52,0
DA:53,0
DA:55,0
DA:56,0
DA:59,1
DA:69,0
DA:72,0
DA:73,0
DA:76,0
DA:77,0
DA:78,0
DA:79,0
DA:80,0
DA:81,0
DA:84,0
DA:85,0
DA:87,0
DA:92,1
DA:94,1
DA:95,1
DA:97,1
DA:99,1
DA:101,1
DA:139,1
LF:41
LH:23
BRDA:7,0,0,1
BRDA:7,0,1,0
BRDA:7,1,0,0
BRDA:7,1,1,0
BRDA:19,2,0,0
BRDA:19,2,1,1
BRDA:19,3,0,1
BRDA:19,3,1,1
BRDA:44,4,0,1
BRDA:44,4,1,0
BRDA:44,4,2,0
BRDA:44,4,3,0
BRDA:73,5,0,0
BRDA:73,5,1,0
BRDA:78,6,0,0
BRDA:78,6,1,0
BRDA:80,7,0,0
BRDA:80,7,1,0
BRDA:80,7,2,0
BRDA:92,8,0,0
BRDA:92,8,1,1
BRDA:99,9,0,1
BRDA:99,9,1,0
BRDA:127,10,0,0
BRDA:127,10,1,1
BRF:25
BRH:8
end_of_record
TN:
SF:C:\Work\Training\Vue.js\Vuejs2andBootstrap4WebDevelopment\Jpp\profitoro-nuxt\pages\settings.vue
FN:17,_interopRequireDefault
FN:31,render
FNF:2
FNH:2
FNDA:2,_interopRequireDefault
FNDA:1,render
DA:3,1
DA:7,1
DA:9,1
DA:11,1
DA:13,1
DA:15,1
DA:17,2
DA:19,1
DA:29,1
DA:31,1
DA:32,1
DA:34,1
DA:36,1
DA:38,1
DA:49,1
LF:15
LH:15
BRDA:17,0,0,0
BRDA:17,0,1,2
BRDA:17,1,0,2
BRDA:17,1,1,2
BRDA:29,2,0,0
BRDA:29,2,1,1
BRDA:36,3,0,1
BRDA:36,3,1,0
BRF:8
BRH:5
end_of_record
TN:
SF:C:\Work\Training\Vue.js\Vuejs2andBootstrap4WebDevelopment\Jpp\profitoro-nuxt\pages\statistics.vue
FN:7,(anonymous_0)
FN:26,render
FNF:2
FNH:1
FNDA:0,(anonymous_0)
FNDA:1,render
DA:3,1
DA:7,1
DA:9,1
DA:11,1
DA:13,1
DA:24,1
DA:26,1
DA:27,1
DA:29,1
DA:31,1
DA:33,1
DA:38,1
LF:12
LH:12
BRDA:7,0,0,1
BRDA:7,0,1,0
BRDA:7,1,0,0
BRDA:7,1,1,0
BRDA:24,2,0,0
BRDA:24,2,1,1
BRDA:31,3,0,1
BRDA:31,3,1,0
BRF:8
BRH:3
end_of_record
TN:
SF:C:\Work\Training\Vue.js\Vuejs2andBootstrap4WebDevelopment\Jpp\profitoro-nuxt\pages\workouts.vue
FN:24,render
FNF:1
FNH:1
FNDA:1,render
DA:3,1
DA:7,1
DA:9,1
DA:11,1
DA:22,1
DA:24,1
DA:25,1
DA:27,1
DA:29,1
DA:31,1
DA:42,1
LF:11
LH:11
BRDA:22,0,0,0
BRDA:22,0,1,1
BRDA:29,1,0,1
BRDA:29,1,1,0
BRF:4
BRH:2
end_of_record
TN:
SF:C:\Work\Training\Vue.js\Vuejs2andBootstrap4WebDevelopment\Jpp\profitoro-nuxt\store\actions.js
FN:11,_uploadImage
FN:13,(anonymous_1)
FN:124,(anonymous_2)
FN:156,(anonymous_3)
FN:158,(anonymous_4)
FN:175,(anonymous_5)
FN:191,(anonymous_6)
FN:206,(anonymous_7)
FN:211,(anonymous_8)
FN:214,(anonymous_9)
FN:217,(anonymous_10)
FN:226,(anonymous_11)
FN:227,(anonymous_12)
FN:237,(anonymous_13)
FNF:14
FNH:0
FNDA:0,_uploadImage
FNDA:0,(anonymous_1)
FNDA:0,(anonymous_2)
FNDA:0,(anonymous_3)
FNDA:0,(anonymous_4)
FNDA:0,(anonymous_5)
FNDA:0,(anonymous_6)
FNDA:0,(anonymous_7)
FNDA:0,(anonymous_8)
FNDA:0,(anonymous_9)
FNDA:0,(anonymous_10)
FNDA:0,(anonymous_11)
FNDA:0,(anonymous_12)
FNDA:0,(anonymous_13)
DA:12,0
DA:13,0
DA:14,0
DA:27,1
DA:36,1
DA:37,0
DA:39,1
DA:40,1
DA:41,1
DA:42,1
DA:44,1
DA:47,1
DA:48,1
DA:49,1
DA:51,1
DA:59,0
DA:60,0
DA:62,0
DA:63,0
DA:64,0
DA:66,0
DA:75,0
DA:76,0
DA:78,0
DA:79,0
DA:80,0
DA:82,0
DA:91,0
DA:92,0
DA:94,0
DA:95,0
DA:96,0
DA:98,0
DA:107,0
DA:108,0
DA:110,0
DA:111,0
DA:112,0
DA:114,0
DA:123,0
DA:125,0
DA:135,0
DA:138,0
DA:146,0
DA:156,0
DA:159,0
DA:168,0
DA:175,0
DA:176,0
DA:184,1
DA:191,1
DA:192,0
DA:193,0
DA:194,0
DA:195,0
DA:197,0
DA:198,0
DA:207,0
DA:208,0
DA:209,0
DA:210,0
DA:211,0
DA:212,0
DA:214,0
DA:215,0
DA:217,0
DA:218,0
DA:227,0
DA:228,0
DA:229,0
DA:231,0
DA:238,0
DA:239,0
DA:240,0
DA:241,0
DA:242,0
DA:243,0
DA:244,0
DA:246,0
LF:79
LH:13
BRDA:36,0,0,0
BRDA:36,0,1,1
BRDA:59,1,0,0
BRDA:59,1,1,0
BRDA:63,2,0,0
BRDA:63,2,1,0
BRDA:75,3,0,0
BRDA:75,3,1,0
BRDA:79,4,0,0
BRDA:79,4,1,0
BRDA:91,5,0,0
BRDA:91,5,1,0
BRDA:95,6,0,0
BRDA:95,6,1,0
BRDA:107,7,0,0
BRDA:107,7,1,0
BRDA:111,8,0,0
BRDA:111,8,1,0
BRDA:193,9,0,0
BRDA:193,9,1,0
BRDA:193,10,0,0
BRDA:193,10,1,0
BRDA:197,11,0,0
BRDA:197,11,1,0
BRDA:228,12,0,0
BRDA:228,12,1,0
BRF:26
BRH:1
end_of_record
TN:
SF:C:\Work\Training\Vue.js\Vuejs2andBootstrap4WebDevelopment\Jpp\profitoro-nuxt\store\getters.js
FN:2,(anonymous_0)
FN:3,(anonymous_1)
FN:4,(anonymous_2)
FN:5,(anonymous_3)
FN:6,(anonymous_4)
FN:7,(anonymous_5)
FNF:6
FNH:1
FNDA:0,(anonymous_0)
FNDA:0,(anonymous_1)
FNDA:0,(anonymous_2)
FNDA:0,(anonymous_3)
FNDA:1,(anonymous_4)
FNDA:0,(anonymous_5)
DA:2,0
DA:3,0
DA:4,0
DA:5,0
DA:6,1
DA:7,0
LF:6
LH:1
BRDA:6,0,0,1
BRDA:6,0,1,0
BRF:2
BRH:1
end_of_record
TN:
SF:C:\Work\Training\Vue.js\Vuejs2andBootstrap4WebDevelopment\Jpp\profitoro-nuxt\store\index.js
FN:10,(anonymous_0)
FNF:1
FNH:1
FNDA:8,(anonymous_0)
DA:8,2
DA:10,8
LF:2
LH:2
BRF:0
BRH:0
end_of_record
TN:
SF:C:\Work\Training\Vue.js\Vuejs2andBootstrap4WebDevelopment\Jpp\profitoro-nuxt\store\mutations.js
FNF:0
FNH:0
DA:3,1
DA:6,1
DA:9,1
DA:12,1
DA:15,1
DA:18,1
DA:21,1
DA:24,1
DA:27,1
LF:9
LH:9
BRF:0
BRH:0
end_of_record
TN:
SF:C:\Work\Training\Vue.js\Vuejs2andBootstrap4WebDevelopment\Jpp\profitoro-nuxt\store\state.js
FNF:0
FNH:0
DA:1,2
DA:8,2
DA:9,2
DA:10,2
DA:11,2
DA:12,2
DA:14,2
LF:7
LH:7
BRF:0
BRH:0
end_of_record
TN:
SF:C:\Work\Training\Vue.js\Vuejs2andBootstrap4WebDevelopment\Jpp\profitoro-nuxt\test\sum.js
FN:1,sum
FNF:1
FNH:1
FNDA:1,sum
DA:2,1
LF:1
LH:1
BRF:0
BRH:0
end_of_record
TN:
SF:C:\Work\Training\Vue.js\Vuejs2andBootstrap4WebDevelopment\Jpp\profitoro-nuxt\utils\utils.js
FN:6,(anonymous_0)
FN:19,(anonymous_1)
FN:28,(anonymous_2)
FNF:3
FNH:3
FNDA:4,(anonymous_0)
FNDA:2,(anonymous_1)
FNDA:1,(anonymous_2)
DA:6,2
DA:7,4
DA:8,2
DA:11,2
DA:19,2
DA:20,2
DA:21,2
DA:22,1
DA:24,1
DA:28,2
DA:29,1
DA:30,1
LF:12
LH:12
BRDA:7,0,0,2
BRDA:7,0,1,2
BRDA:21,1,0,1
BRDA:21,1,1,1
BRF:4
BRH:4
end_of_record
